
mail() on [/home/awwws843/public_html/mrphpgurudemo/riskmanagement/riskapproval.php:136]: To: mrphpguru@gmail.com, -- Headers: MIME-Version: 1.0  Content-type: text/html; charset=iso-8859-1  To: ranjeet singh <mrphpguru@gmail.com>  From: Admin <mrphpguru@gmail.com>  Cc: admin@mrphpguru.com
mail() on [/home/awwws843/public_html/mrphpgurudemo/riskmanagement/mail.php:51]: To: mrphpguru@gmail.com -- Headers: MIME-Version: 1.0  Content-type: text/html; charset=iso-8859-1  To: ravi <mrphpguru@gmail.com>  From: Admin <mrranjeetmca@gmail.com>  Cc: admin@mrphpguru.com
mail() on [/home/awwws843/public_html/mrphpgurudemo/riskmanagement/riskapproval.php:136]: To: subhadip@v-xplore.com, -- Headers: MIME-Version: 1.0  Content-type: text/html; charset=iso-8859-1  To: test <subhadip@v-xplore.com>  From: Admin <mrphpguru@gmail.com>  Cc: admin@mrphpguru.com
mail() on [/home/awwws843/public_html/mrphpgurudemo/riskmanagement/mail.php:11]: To: mrphpguru@gmail.com -- Headers: From: webmaster@mrphpguru.com  Reply-To: webmaster@mrphpguru.com
mail() on [/home/awwws843/public_html/mrphpgurudemo/riskmanagement/mail.php:11]: To: mrphpguru@gmail.com -- Headers: From: webmaster@mrphpguru.com  Reply-To: webmaster@mrphpguru.com
mail() on [/home/awwws843/public_html/mrphpgurudemo/riskmanagement/mail.php:11]: To: mrphpguru@gmail.com -- Headers: From: webmaster@mrphpguru.com  Reply-To: webmaster@mrphpguru.com
mail() on [/home/awwws843/public_html/mrphpgurudemo/riskmanagement/mail.php:39]: To: mrphpguru@gmail.com -- Headers: From: webmaster@mrphpguru.com  Reply-To: webmaster@mrphpguru.com
mail() on [/home/awwws843/public_html/mrphpgurudemo/riskmanagement/riskapproval.php:136]: To: subhadip@v-xplore.com, -- Headers: MIME-Version: 1.0  Content-type: text/html; charset=iso-8859-1  To: test <subhadip@v-xplore.com>  From: Admin <mrphpguru@gmail.com>  Cc: admin@mrphpguru.com
mail() on [/home/awwws843/public_html/mrphpgurudemo/riskmanagement/riskapproval.php:127]: To: mrphpguru@gmail.com -- Headers: From: webmaster@mrphpguru.com  Reply-To: webmaster@mrphpguru.com
mail() on [/home/awwws843/public_html/mrphpgurudemo/riskmanagement/mail.php:61]: To: mrphpguru@gmail.com -- Headers: From: mrranjeetmca@gmail.com  Reply-To: webmaster@mrphpguru.com  Content-Type: multipart/mixed;  boundary="PHP-mixed-0fd559023563e7479779d100c4b08212"
mail() on [/home/awwws843/public_html/mrphpgurudemo/riskmanagement/mail.php:61]: To: mrphpguru@gmail.com -- Headers: From: mrranjeetmca@gmail.com  Reply-To: webmaster@mrphpguru.com  Content-Type: multipart/mixed;  boundary="PHP-mixed-a127a51ac773d3e68baa619d3fa25f14"
mail() on [/home/awwws843/public_html/mrphpgurudemo/riskmanagement/mail.php:61]: To: mrphpguru@gmail.com -- Headers: From: mrranjeetmca@gmail.com  Reply-To: webmaster@mrphpguru.com  Content-Type: multipart/mixed;  boundary="PHP-mixed-a127a51ac773d3e68baa619d3fa25f14"
mail() on [/home/awwws843/public_html/mrphpgurudemo/riskmanagement/mail.php:61]: To: mrphpguru@gmail.com -- Headers: From: mrranjeetmca@gmail.com  Reply-To: webmaster@mrphpguru.com  Content-Type: multipart/mixed;  boundary="PHP-mixed-a127a51ac773d3e68baa619d3fa25f14"
mail() on [/home/awwws843/public_html/mrphpgurudemo/riskmanagement/mail.php:61]: To: mrphpguru@gmail.com -- Headers: From: mrranjeetmca@gmail.com  Reply-To: webmaster@mrphpguru.com  Content-Type: multipart/mixed;  boundary="PHP-mixed-a127a51ac773d3e68baa619d3fa25f14"
mail() on [/home/awwws843/public_html/mrphpgurudemo/riskmanagement/mail.php:61]: To: mrphpguru@gmail.com -- Headers: From: mrranjeetmca@gmail.com  Reply-To: webmaster@mrphpguru.com  Content-Type: multipart/mixed;  boundary="PHP-mixed-a127a51ac773d3e68baa619d3fa25f14"
mail() on [/home/awwws843/public_html/mrphpgurudemo/riskmanagement/mail.php:61]: To: mrphpguru@gmail.com -- Headers: From: mrranjeetmca@gmail.com  Reply-To: webmaster@mrphpguru.com  Content-Type: multipart/mixed;  boundary="PHP-mixed-a127a51ac773d3e68baa619d3fa25f14"
mail() on [/home/awwws843/public_html/mrphpgurudemo/riskmanagement/mail.php:61]: To: mrphpguru@gmail.com -- Headers: From: mrranjeetmca@gmail.com  Reply-To: webmaster@mrphpguru.com  Content-Type: multipart/mixed;  boundary="PHP-mixed-a127a51ac773d3e68baa619d3fa25f14"
mail() on [/home/awwws843/public_html/mrphpgurudemo/riskmanagement/mail.php:61]: To: mrphpguru@gmail.com -- Headers: From: mrranjeetmca@gmail.com  Reply-To: webmaster@mrphpguru.com  Content-Type: multipart/mixed;  boundary="PHP-mixed-a127a51ac773d3e68baa619d3fa25f14"
mail() on [/home/awwws843/public_html/mrphpgurudemo/riskmanagement/mail.php:61]: To: mrphpguru@gmail.com -- Headers: From: mrranjeetmca@gmail.com  Reply-To: webmaster@mrphpguru.com  Content-Type: multipart/mixed;  boundary="PHP-mixed-a127a51ac773d3e68baa619d3fa25f14"
mail() on [/home/awwws843/public_html/mrphpgurudemo/riskmanagement/mail.php:61]: To: mrphpguru@gmail.com -- Headers: From: mrranjeetmca@gmail.com  Reply-To: webmaster@mrphpguru.com  Content-Type: multipart/mixed;  boundary="PHP-mixed-a127a51ac773d3e68baa619d3fa25f14"
mail() on [/home/awwws843/public_html/mrphpgurudemo/riskmanagement/mail.php:61]: To: mrphpguru@gmail.com -- Headers: From: mrranjeetmca@gmail.com  Reply-To: webmaster@mrphpguru.com  Content-Type: multipart/mixed;  boundary="PHP-mixed-a127a51ac773d3e68baa619d3fa25f14"
mail() on [/home/awwws843/public_html/mrphpgurudemo/riskmanagement/mail.php:61]: To: mrphpguru@gmail.com -- Headers: From: mrranjeetmca@gmail.com  Reply-To: webmaster@mrphpguru.com  Content-Type: multipart/mixed;  boundary="PHP-mixed-a127a51ac773d3e68baa619d3fa25f14"
mail() on [/home/awwws843/public_html/mrphpgurudemo/riskmanagement/mail.php:61]: To: mrphpguru@gmail.com -- Headers: From: mrranjeetmca@gmail.com  Reply-To: webmaster@mrphpguru.com  Content-Type: multipart/mixed;  boundary="PHP-mixed-1cd7ee4a6409f399df6bff876014d1b2"
mail() on [/home/awwws843/public_html/mrphpgurudemo/riskmanagement/mail.php:61]: To: mrphpguru@gmail.com -- Headers: From: mrranjeetmca@gmail.com  Reply-To: webmaster@mrphpguru.com  Content-Type: multipart/mixed;  boundary="PHP-mixed-bbe885b8a68d187b5ee76c3653c34010"
mail() on [/home/awwws843/public_html/mrphpgurudemo/riskmanagement/mail.php:61]: To: mrphpguru@gmail.com -- Headers: From: mrranjeetmca@gmail.com  Reply-To: webmaster@mrphpguru.com  Content-Type: multipart/mixed;  boundary="PHP-mixed-559ffcc11f9dd033fdf16e47292e4386"
mail() on [/home/awwws843/public_html/mrphpgurudemo/riskmanagement/mail.php:58]: To: mrphpguru@gmail.com -- Headers: From: webmaster@mrphpguru.com  Reply-To: webmaster@mrphpguru.com  Content-Type: multipart/mixed;  boundary="PHP-mixed-17768abde495da14f634abe1a4dc6883"
mail() on [/home/awwws843/public_html/mrphpgurudemo/riskmanagement/mail.php:43]: To: mrphpguru@gmail.com, mrranjeetmca@gmail.com -- Headers: MIME-Version: 1.0  Content-type: text/html; charset=iso-8859-1  To: Mary <mrphpguru@gmail.com>, Kelly <mrphpguru@awwws.com>  From: Birthday Reminder <webmaster@mrphpguru.com>  Cc: mrranjeetmca@gmail.com
mail() on [/home/awwws843/public_html/mrphpgurudemo/riskmanagement/mail.php:43]: To: mrphpguru@gmail.com, mrranjeetmca@gmail.com -- Headers: MIME-Version: 1.0  Content-type: text/html; charset=iso-8859-1  To: Mary <mrphpguru@gmail.com>, Kelly <mrphpguru@awwws.com>  From: Birthday Reminder <webmaster@mrphpguru.com>  Cc: mrranjeetmca@gmail.com
mail() on [/home/awwws843/public_html/mrphpgurudemo/riskmanagement/mail.php:43]: To: mrphpguru@gmail.com, mrranjeetmca@gmail.com -- Headers: MIME-Version: 1.0  Content-type: text/html; charset=iso-8859-1  To: Mary <mrphpguru@gmail.com>, Kelly <mrphpguru@awwws.com>  From: Birthday Reminder <webmaster@mrphpguru.com>  Cc: mrranjeetmca@gmail.com
mail() on [/home/awwws843/public_html/mrphpgurudemo/riskmanagement/mail.php:43]: To: mrphpguru@gmail.com, mrranjeetmca@gmail.com -- Headers: MIME-Version: 1.0  Content-type: text/html; charset=iso-8859-1  To: Mary <mrphpguru@gmail.com>, Kelly <mrphpguru@awwws.com>  From: Birthday Reminder <webmaster@mrphpguru.com>  Cc: mrranjeetmca@gmail.com
mail() on [/home/awwws843/public_html/mrphpgurudemo/riskmanagement/mail.php:43]: To: mrphpguru@gmail.com, mrranjeetmca@gmail.com -- Headers: MIME-Version: 1.0  Content-type: text/html; charset=iso-8859-1  To: Mary <mrphpguru@gmail.com>, Kelly <mrphpguru@awwws.com>  From: Birthday Reminder <webmaster@mrphpguru.com>  Cc: mrranjeetmca@gmail.com
mail() on [/home/awwws843/public_html/mrphpgurudemo/riskmanagement/mail.php:43]: To: mrphpguru@gmail.com, mrranjeetmca@gmail.com -- Headers: MIME-Version: 1.0  Content-type: text/html; charset=iso-8859-1  To: Mary <mrphpguru@gmail.com>, Kelly <mrphpguru@awwws.com>  From: Birthday Reminder <webmaster@mrphpguru.com>  Cc: mrranjeetmca@gmail.com
mail() on [/home/awwws843/public_html/mrphpgurudemo/riskmanagement/mail.php:43]: To: mrphpguru@gmail.com, mrranjeetmca@gmail.com -- Headers: MIME-Version: 1.0  Content-type: text/html; charset=iso-8859-1  To: Mary <mrphpguru@gmail.com>, Kelly <mrphpguru@awwws.com>  From: Birthday Reminder <webmaster@mrphpguru.com>  Cc: mrranjeetmca@gmail.com
mail() on [/home/awwws843/public_html/mrphpgurudemo/riskmanagement/mail.php:43]: To: mrphpguru@gmail.com, mrranjeetmca@gmail.com -- Headers: MIME-Version: 1.0  Content-type: text/html; charset=iso-8859-1  To: Mary <mrphpguru@gmail.com>, Kelly <mrphpguru@awwws.com>  From: Birthday Reminder <webmaster@mrphpguru.com>  Cc: mrranjeetmca@gmail.com
mail() on [/home/awwws843/public_html/mrphpgurudemo/riskmanagement/mail.php:35]: To: mrphpguru@gmail.com -- Headers: From: webmaster@mrphpguru.com  Reply-To: webmaster@mrphpguru.com  Content-Type: multipart/alternative; boundary="PHP-alt-4dd494cca110294e4d524670165d2bc9"
mail() on [/home/awwws843/public_html/mrphpgurudemo/riskmanagement/mail.php:28]: To: mrphpguru@gmail.com -- Headers: From: webmaster@mrphpguru.com  Reply-To: webmaster@mrphpguru.com  Content-Type: multipart/alternative; boundary="PHP-alt-b000bdb2c921ebb89fd41a5d0a92d8e2"
mail() on [/home/awwws843/public_html/mrphpgurudemo/riskmanagement/riskapproval.php:127]: To: mrphpguru@gmail.com -- Headers: From: webmaster@mrphpguru.com  Reply-To: webmaster@mrphpguru.com
mail() on [/home/awwws843/public_html/mrphpgurudemo/riskmanagement/riskapproval.php:127]: To: suraj@awwws.com -- Headers: From: webmaster@mrphpguru.com  Reply-To: webmaster@mrphpguru.com
mail() on [/home/awwws843/public_html/mrphpgurudemo/riskmanagement/mail.php:28]: To: mrphpguru@gmail.com -- Headers: From: webmaster@mrphpguru.com  Reply-To: webmaster@mrphpguru.com  Content-Type: multipart/alternative; boundary="PHP-alt-ab1678e8c28958582e244ca8f800d40f"
mail() on [/home/awwws843/public_html/mrphpgurudemo/riskmanagement/mail.php:42]: To: mrphpguru@gmail.com -- Headers: From: webmaster@mrphpguru.com  Reply-To: webmaster@mrphpguru.com  Content-Type: multipart/alternative; boundary="PHP-alt-51992a5ccebcc607f5e634d13254602d"
mail() on [/home/awwws843/public_html/mrphpgurudemo/riskmanagement/mail.php:42]: To: mrphpguru@gmail.com -- Headers: From: webmaster@mrphpguru.com  Reply-To: webmaster@mrphpguru.com  Content-Type: multipart/alternative; boundary="PHP-alt-9cf46827c1bfb5e1285a62d1c15dad94"
mail() on [/home/awwws843/public_html/mrphpgurudemo/riskmanagement/mail.php:42]: To: mrphpguru@gmail.com -- Headers: From: webmaster@mrphpguru.com  Reply-To: webmaster@mrphpguru.com  Content-Type: multipart/alternative; boundary="PHP-alt-9cf46827c1bfb5e1285a62d1c15dad94"
mail() on [/home/awwws843/public_html/mrphpgurudemo/riskmanagement/mail.php:42]: To: mrphpguru@gmail.com -- Headers: From: webmaster@mrphpguru.com  Reply-To: webmaster@mrphpguru.com  Content-Type: multipart/alternative; boundary="PHP-alt-9cf46827c1bfb5e1285a62d1c15dad94"
mail() on [/home/awwws843/public_html/mrphpgurudemo/riskmanagement/mail.php:42]: To: mrphpguru@gmail.com -- Headers: From: webmaster@mrphpguru.com  Reply-To: webmaster@mrphpguru.com  Content-Type: multipart/alternative; boundary="PHP-alt-9cf46827c1bfb5e1285a62d1c15dad94"
mail() on [/home/awwws843/public_html/mrphpgurudemo/riskmanagement/riskapproval.php:129]: To: mrphpguru@gmail.com -- Headers: From: webmaster@mrphpguru.com  Reply-To: webmaster@mrphpguru.com  Content-Type: multipart/alternative; boundary="PHP-alt-731dab06411cb4091dd39ba4f7d26603"
mail() on [/home/awwws843/public_html/mrphpgurudemo/riskmanagement/riskapproval.php:129]: To: mrphpguru@gmail.com -- Headers: From: webmaster@mrphpguru.com  Reply-To: webmaster@mrphpguru.com  Content-Type: multipart/alternative; boundary="PHP-alt-731dab06411cb4091dd39ba4f7d26603"
mail() on [/home/awwws843/public_html/mrphpgurudemo/riskmanagement/riskapproval.php:155]: To: mrphpguru@awwws.com -- Headers: From: webmaster@mrphpguru.com  Reply-To: webmaster@mrphpguru.com  Content-Type: multipart/alternative; boundary="PHP-alt-6b3ae225ef252bfb70a353fde1744385"
mail() on [/home/awwws843/public_html/mrphpgurudemo/riskmanagement/riskapproval.php:155]: To: mrranjeetmca@gmail.com -- Headers: From: webmaster@mrphpguru.com  Reply-To: webmaster@mrphpguru.com  Content-Type: multipart/alternative; boundary="PHP-alt-6b3ae225ef252bfb70a353fde1744385"
mail() on [/home/awwws843/public_html/mrphpgurudemo/riskmanagement/riskapproval.php:155]: To: mrphpguru@awwws.com -- Headers: From: webmaster@mrphpguru.com  Reply-To: webmaster@mrphpguru.com  Content-Type: multipart/alternative; boundary="PHP-alt-1a77f39828998fcc8c85eb7e3a627858"
mail() on [/home/awwws843/public_html/mrphpgurudemo/riskmanagement/riskapproval.php:155]: To: mrranjeetmca@gmail.com -- Headers: From: webmaster@mrphpguru.com  Reply-To: webmaster@mrphpguru.com  Content-Type: multipart/alternative; boundary="PHP-alt-1a77f39828998fcc8c85eb7e3a627858"
mail() on [/home/awwws843/public_html/mrphpgurudemo/riskmanagement/riskapproval.php:155]: To: mrphpguru@awwws.com -- Headers: From: webmaster@mrphpguru.com  Reply-To: webmaster@mrphpguru.com  Content-Type: multipart/alternative; boundary="PHP-alt-0f844ff334b2073976f0aa63d88def91"
mail() on [/home/awwws843/public_html/mrphpgurudemo/riskmanagement/riskapproval.php:155]: To: mrranjeetmca@gmail.com -- Headers: From: webmaster@mrphpguru.com  Reply-To: webmaster@mrphpguru.com  Content-Type: multipart/alternative; boundary="PHP-alt-0f844ff334b2073976f0aa63d88def91"
mail() on [/home/awwws843/public_html/mrphpgurudemo/riskmanagement/riskapproval.php:155]: To: mrphpguru@awwws.com -- Headers: From: webmaster@mrphpguru.com  Reply-To: webmaster@mrphpguru.com  Content-Type: multipart/alternative; boundary="PHP-alt-9c92f5774dda04f431c14e1cebd1ab98"
mail() on [/home/awwws843/public_html/mrphpgurudemo/riskmanagement/riskapproval.php:155]: To: mrranjeetmca@gmail.com -- Headers: From: webmaster@mrphpguru.com  Reply-To: webmaster@mrphpguru.com  Content-Type: multipart/alternative; boundary="PHP-alt-9c92f5774dda04f431c14e1cebd1ab98"
mail() on [/home/awwws843/public_html/mrphpgurudemo/riskmanagement/riskapproval.php:155]: To: mrphpguru@awwws.com -- Headers: From: webmaster@mrphpguru.com  Reply-To: webmaster@mrphpguru.com  Content-Type: multipart/alternative; boundary="PHP-alt-c36fc167f57ef2c99ce6a636644c1220"
mail() on [/home/awwws843/public_html/mrphpgurudemo/riskmanagement/riskapproval.php:155]: To: suraj@awwws.com -- Headers: From: webmaster@mrphpguru.com  Reply-To: webmaster@mrphpguru.com  Content-Type: multipart/alternative; boundary="PHP-alt-e9c12b1e4b65cf9080ec824f9effc682"
mail() on [/home/awwws843/public_html/mrphpgurudemo/riskmanagement/riskapproval.php:155]: To: suraj@awwws.com -- Headers: From: webmaster@mrphpguru.com  Reply-To: webmaster@mrphpguru.com  Content-Type: multipart/alternative; boundary="PHP-alt-b1388fdd1505dc2237ba5415442b3596"
mail() on [/home/awwws843/public_html/mrphpgurudemo/riskmanagement/riskapproval.php:155]: To: mrphpguru@awwws.com -- Headers: From: webmaster@mrphpguru.com  Reply-To: webmaster@mrphpguru.com  Content-Type: multipart/alternative; boundary="PHP-alt-b1388fdd1505dc2237ba5415442b3596"
mail() on [/home/awwws843/public_html/mrphpgurudemo/riskmanagement/riskapproval.php:155]: To: mrphpguru@gmail.com -- Headers: From: webmaster@mrphpguru.com  Reply-To: webmaster@mrphpguru.com  Content-Type: multipart/alternative; boundary="PHP-alt-b1388fdd1505dc2237ba5415442b3596"
mail() on [/home/awwws843/public_html/mrphpgurudemo/riskmanagement/riskapproval.php:155]: To: vinay@gmail.com -- Headers: From: webmaster@mrphpguru.com  Reply-To: webmaster@mrphpguru.com  Content-Type: multipart/alternative; boundary="PHP-alt-852bf49ec4bbb06d457e3ac67f54ca62"
mail() on [/home/awwws843/public_html/mrphpgurudemo/riskmanagement/riskapproval.php:155]: To: mrr@gmail.com -- Headers: From: webmaster@mrphpguru.com  Reply-To: webmaster@mrphpguru.com  Content-Type: multipart/alternative; boundary="PHP-alt-852bf49ec4bbb06d457e3ac67f54ca62"
mail() on [/home/awwws843/public_html/mrphpgurudemo/riskmanagement/riskapproval.php:155]: To: mrr@gmail.com -- Headers: From: webmaster@mrphpguru.com  Reply-To: webmaster@mrphpguru.com  Content-Type: multipart/alternative; boundary="PHP-alt-852bf49ec4bbb06d457e3ac67f54ca62"
mail() on [/home/awwws843/public_html/mrphpgurudemo/riskmanagement/riskapproval.php:155]: To: dgd@gmail.com -- Headers: From: webmaster@mrphpguru.com  Reply-To: webmaster@mrphpguru.com  Content-Type: multipart/alternative; boundary="PHP-alt-852bf49ec4bbb06d457e3ac67f54ca62"
mail() on [/home/awwws843/public_html/mrphpgurudemo/riskmanagement/riskapproval.php:155]: To: dgd@gmail.com -- Headers: From: webmaster@mrphpguru.com  Reply-To: webmaster@mrphpguru.com  Content-Type: multipart/alternative; boundary="PHP-alt-852bf49ec4bbb06d457e3ac67f54ca62"
mail() on [/home/awwws843/public_html/mrphpgurudemo/riskmanagement/riskapproval.php:155]: To: dgd@gmail.com -- Headers: From: webmaster@mrphpguru.com  Reply-To: webmaster@mrphpguru.com  Content-Type: multipart/alternative; boundary="PHP-alt-852bf49ec4bbb06d457e3ac67f54ca62"
mail() on [/home/awwws843/public_html/mrphpgurudemo/riskmanagement/riskapproval.php:155]: To: mrphpguru@awwws.com -- Headers: From: webmaster@mrphpguru.com  Reply-To: webmaster@mrphpguru.com  Content-Type: multipart/alternative; boundary="PHP-alt-f5e24e1d282c9a1be86b158865af1375"
mail() on [/home/awwws843/public_html/mrphpgurudemo/riskmanagement/riskapproval.php:155]: To: mrphpguru@awwws.com -- Headers: From: webmaster@mrphpguru.com  Reply-To: webmaster@mrphpguru.com  Content-Type: multipart/alternative; boundary="PHP-alt-80856ad245f01c68a27d5859ad5efb66"
mail() on [/home/awwws843/public_html/mrphpgurudemo/riskmanagement/riskapproval.php:155]: To: mrphpguru@awwws.com -- Headers: From: webmaster@mrphpguru.com  Reply-To: webmaster@mrphpguru.com  Content-Type: multipart/alternative; boundary="PHP-alt-80856ad245f01c68a27d5859ad5efb66"
mail() on [/home/awwws843/public_html/mrphpgurudemo/riskmanagement/riskapproval.php:155]: To: mrphpguru@awwws.com -- Headers: From: webmaster@mrphpguru.com  Reply-To: webmaster@mrphpguru.com  Content-Type: multipart/alternative; boundary="PHP-alt-80856ad245f01c68a27d5859ad5efb66"
mail() on [/home/awwws843/public_html/mrphpgurudemo/riskmanagement/riskapproval.php:155]: To: mrphpguru@awwws.com -- Headers: From: webmaster@mrphpguru.com  Reply-To: webmaster@mrphpguru.com  Content-Type: multipart/alternative; boundary="PHP-alt-80856ad245f01c68a27d5859ad5efb66"
mail() on [/home/awwws843/public_html/mrphpgurudemo/riskmanagement/riskapproval.php:155]: To: mrphpguru@awwws.com -- Headers: From: webmaster@mrphpguru.com  Reply-To: webmaster@mrphpguru.com  Content-Type: multipart/alternative; boundary="PHP-alt-80856ad245f01c68a27d5859ad5efb66"
mail() on [/home/awwws843/public_html/mrphpgurudemo/riskmanagement/riskapproval.php:155]: To: suraj@awwws.com -- Headers: From: webmaster@mrphpguru.com  Reply-To: webmaster@mrphpguru.com  Content-Type: multipart/alternative; boundary="PHP-alt-1d417c32ac5d863f51c61c3e00970110"
mail() on [/home/awwws843/public_html/mrphpgurudemo/riskmanagement/riskapproval.php:155]: To: citrus1982@gmail.com -- Headers: From: webmaster@mrphpguru.com  Reply-To: webmaster@mrphpguru.com  Content-Type: multipart/alternative; boundary="PHP-alt-d33e498b9a9535ff844e92e328e1425d"
mail() on [/home/awwws843/public_html/mrphpgurudemo/riskmanagement/riskapproval.php:155]: To: colintan@rocketiva.com -- Headers: From: webmaster@mrphpguru.com  Reply-To: webmaster@mrphpguru.com  Content-Type: multipart/alternative; boundary="PHP-alt-d33e498b9a9535ff844e92e328e1425d"
mail() on [/home/awwws843/public_html/mrphpgurudemo/riskmanagement/riskapproval.php:155]: To: colintan@rocketiva.com -- Headers: From: webmaster@mrphpguru.com  Reply-To: webmaster@mrphpguru.com  Content-Type: multipart/alternative; boundary="PHP-alt-8894c355602a5eade156adcb5cbe739e"
mail() on [/home/awwws843/public_html/mrphpgurudemo/riskmanagement/riskapproval.php:155]: To: citrus1982@gmail.com -- Headers: From: webmaster@mrphpguru.com  Reply-To: webmaster@mrphpguru.com  Content-Type: multipart/alternative; boundary="PHP-alt-098647b304907f8676b157e6699e15df"
mail() on [/home/awwws843/public_html/mrphpgurudemo/riskmanagement/riskapproval.php:155]: To: colintan@rocketiva.com -- Headers: From: webmaster@mrphpguru.com  Reply-To: webmaster@mrphpguru.com  Content-Type: multipart/alternative; boundary="PHP-alt-ab1c11655590d1dcea177b94356bbe66"
mail() on [/home/awwws843/public_html/mrphpgurudemo/riskmanagement/riskapproval.php:155]: To: citrus1982@gmail.com -- Headers: From: webmaster@mrphpguru.com  Reply-To: webmaster@mrphpguru.com  Content-Type: multipart/alternative; boundary="PHP-alt-2e5e9923fba8946270cdfb7e18fd073c"
mail() on [/home/awwws843/public_html/mrphpgurudemo/riskmanagement/riskapproval.php:156]: To: mrphpguru@awwws.com -- Headers: From: webmaster@mrphpguru.com  Reply-To: webmaster@mrphpguru.com  Content-Type: multipart/alternative; boundary="PHP-alt-be0f3f35cef33d6a9919eaf8fe36d96d"
mail() on [/home/awwws843/public_html/mrphpgurudemo/riskmanagement/riskapproval.php:156]: To: mrphpguru@awwws.com -- Headers: From: webmaster@mrphpguru.com  Reply-To: webmaster@mrphpguru.com  Content-Type: multipart/alternative; boundary="PHP-alt-4e6b40b47b006e24055fa1c686cc8858"
mail() on [/home/awwws843/public_html/mrphpgurudemo/riskmanagement/riskapproval.php:156]: To: julius@qe.com.sg -- Headers: From: webmaster@mrphpguru.com  Reply-To: webmaster@mrphpguru.com  Content-Type: multipart/alternative; boundary="PHP-alt-bf3a42000262d2148fb280d0e04bbf08"
mail() on [/home/awwws843/public_html/mrphpgurudemo/riskmanagement/riskapproval.php:156]: To: julius@qe.com.sg -- Headers: From: webmaster@mrphpguru.com  Reply-To: webmaster@mrphpguru.com  Content-Type: multipart/alternative; boundary="PHP-alt-da6275d1834fd3e1b0f5b8564f1569ed"
mail() on [/home/awwws843/public_html/mrphpgurudemo/riskmanagement/riskapproval.php:156]: To: citrus1982@gmail.com -- Headers: From: webmaster@mrphpguru.com  Reply-To: webmaster@mrphpguru.com  Content-Type: multipart/alternative; boundary="PHP-alt-18c224c5262662cc5b6eba72e794fcf1"
mail() on [/home/awwws843/public_html/mrphpgurudemo/riskmanagement/riskapproval.php:156]: To: colintan@rocketiva.com -- Headers: From: webmaster@mrphpguru.com  Reply-To: webmaster@mrphpguru.com  Content-Type: multipart/alternative; boundary="PHP-alt-c73947b0061ccd9ace34b3e00c517a8d"
mail() on [/home/awwws843/public_html/mrphpgurudemo/riskmanagement/riskapproval.php:156]: To: colintan@rocketiva.com -- Headers: From: webmaster@mrphpguru.com  Reply-To: webmaster@mrphpguru.com  Content-Type: multipart/alternative; boundary="PHP-alt-a8e8b859cfd01ec84225771ab00ef503"
mail() on [/home/awwws843/public_html/mrphpgurudemo/riskmanagement/riskapproval.php:156]: To: colintan@rocketiva.com -- Headers: From: webmaster@mrphpguru.com  Reply-To: webmaster@mrphpguru.com  Content-Type: multipart/alternative; boundary="PHP-alt-f0a10dc670e5d111ca61b9874e485bc4"
mail() on [/home/awwws843/public_html/mrphpgurudemo/riskmanagement/riskapproval.php:156]: To: colintan@rocketiva.com -- Headers: From: webmaster@mrphpguru.com  Reply-To: webmaster@mrphpguru.com  Content-Type: multipart/alternative; boundary="PHP-alt-0649125c120f21eea444ce94066f6b5a"
mail() on [/home/awwws843/public_html/mrphpgurudemo/riskmanagement/riskapproval.php:156]: To: colintan@rocketiva.com -- Headers: From: webmaster@mrphpguru.com  Reply-To: webmaster@mrphpguru.com  Content-Type: multipart/alternative; boundary="PHP-alt-3617edea5d097170dcb00c68141216a8"
mail() on [/home/awwws843/public_html/mrphpgurudemo/riskmanagement/riskapproval.php:156]: To: mrphpguru@gmail.com -- Headers: From: webmaster@mrphpguru.com  Reply-To: webmaster@mrphpguru.com  Content-Type: multipart/alternative; boundary="PHP-alt-b47b101caeb144b507cd9ed59ab0df80"
mail() on [/home/awwws843/public_html/mrphpgurudemo/riskmanagement/riskapproval.php:156]: To: Julius@qe.com.sg -- Headers: From: webmaster@mrphpguru.com  Reply-To: webmaster@mrphpguru.com  Content-Type: multipart/alternative; boundary="PHP-alt-19f50b62ae7fef1a0f4af011757361f1"
mail() on [/home/awwws843/public_html/mrphpgurudemo/riskmanagement/riskapproval.php:156]: To: colintan@rocketiva.com -- Headers: From: webmaster@mrphpguru.com  Reply-To: webmaster@mrphpguru.com  Content-Type: multipart/alternative; boundary="PHP-alt-60d6d5367bb61eead8fe6c219e823ad7"
mail() on [/home/awwws843/public_html/mrphpgurudemo/riskmanagement/riskapproval.php:156]: To: Julius@qe.com.sg -- Headers: From: webmaster@mrphpguru.com  Reply-To: webmaster@mrphpguru.com  Content-Type: multipart/alternative; boundary="PHP-alt-42cfba53b6f08adf95c955e1568bb62f"
mail() on [/home/awwws843/public_html/mrphpgurudemo/riskmanagement/riskapproval.php:156]: To: colintan@rocketiva.com -- Headers: From: webmaster@mrphpguru.com  Reply-To: webmaster@mrphpguru.com  Content-Type: multipart/alternative; boundary="PHP-alt-02f275d68d30217d152754ba7626fc86"
mail() on [/home/awwws843/public_html/mrphpgurudemo/riskmanagement/riskapproval.php:156]: To: colintan@rocketiva.com -- Headers: From: webmaster@mrphpguru.com  Reply-To: webmaster@mrphpguru.com  Content-Type: multipart/alternative; boundary="PHP-alt-bc702dcdc8fb8bbb2d6c4f3af549609b"
mail() on [/home/awwws843/public_html/mrphpgurudemo/riskmanagement/riskapproval.php:156]: To: mrphpguru@gmail.com -- Headers: From: webmaster@mrphpguru.com  Reply-To: webmaster@mrphpguru.com  Content-Type: multipart/alternative; boundary="PHP-alt-e806fe798dfb79dca71e5e69954b41bd"
mail() on [/home/awwws843/public_html/mrphpgurudemo/riskmanagement/riskapproval.php:156]: To: citrus1982@gmail.com -- Headers: From: webmaster@mrphpguru.com  Reply-To: webmaster@mrphpguru.com  Content-Type: multipart/alternative; boundary="PHP-alt-b606f49808c391e12914576dcb609def"
mail() on [/home/awwws843/public_html/mrphpgurudemo/riskmanagement/riskapproval.php:156]: To: colintan@rocketiva.com -- Headers: From: webmaster@mrphpguru.com  Reply-To: webmaster@mrphpguru.com  Content-Type: multipart/alternative; boundary="PHP-alt-0d32407855f48796cf9b11309f7418ed"
mail() on [/home/awwws843/public_html/mrphpgurudemo/riskmanagement/riskapproval.php:156]: To: colintan@rocketiva.com -- Headers: From: webmaster@mrphpguru.com  Reply-To: webmaster@mrphpguru.com  Content-Type: multipart/alternative; boundary="PHP-alt-cb98dd6cd6344b58ae02568e6dd2ef18"
mail() on [/home/awwws843/public_html/mrphpgurudemo/riskmanagement/riskapproval.php:156]: To: colintan@rocketiva.com -- Headers: From: webmaster@mrphpguru.com  Reply-To: webmaster@mrphpguru.com  Content-Type: multipart/alternative; boundary="PHP-alt-5d6756325a9ce41417023fa34f9f13da"
mail() on [/home/awwws843/public_html/mrphpgurudemo/riskmanagement/riskapproval.php:156]: To: Julius@qe.com.sg -- Headers: From: webmaster@mrphpguru.com  Reply-To: webmaster@mrphpguru.com  Content-Type: multipart/alternative; boundary="PHP-alt-3d02436889ffcd58cb39f7ea0b2524e1"
mail() on [/home/awwws843/public_html/mrphpgurudemo/riskmanagement/riskapproval.php:156]: To: Julius@qe.com.sg -- Headers: From: webmaster@mrphpguru.com  Reply-To: webmaster@mrphpguru.com  Content-Type: multipart/alternative; boundary="PHP-alt-8f7d89438a4b77d72f273bfabd11aa1f"
mail() on [/home/awwws843/public_html/mrphpgurudemo/riskmanagement/riskapproval.php:156]: To: Julius@qe.com.sg -- Headers: From: webmaster@mrphpguru.com  Reply-To: webmaster@mrphpguru.com  Content-Type: multipart/alternative; boundary="PHP-alt-8924a62c2f1f701b51822c01d78f4919"
mail() on [/home/awwws843/public_html/mrphpgurudemo/riskmanagement/riskapproval.php:156]: To: colintan@rocketiva.com -- Headers: From: webmaster@mrphpguru.com  Reply-To: webmaster@mrphpguru.com  Content-Type: multipart/alternative; boundary="PHP-alt-af841f763d71b8504e437cea5eea3f08"
mail() on [/home/awwws843/public_html/mrphpgurudemo/riskmanagement/riskapproval.php:156]: To: colintan@rocketiva.com -- Headers: From: webmaster@mrphpguru.com  Reply-To: webmaster@mrphpguru.com  Content-Type: multipart/alternative; boundary="PHP-alt-57eba11c854bd2d7440c72ace6a4bff5"
mail() on [/home/awwws843/public_html/mrphpgurudemo/riskmanagement/riskapproval.php:156]: To: suraj@awwws.com -- Headers: From: webmaster@mrphpguru.com  Reply-To: webmaster@mrphpguru.com  Content-Type: multipart/alternative; boundary="PHP-alt-5f9cb4b88bf988afc21b4a6c3db4a9f9"
mail() on [/home/awwws843/public_html/mrphpgurudemo/riskmanagement/riskapproval.php:156]: To: suraj@awwws.com -- Headers: From: webmaster@mrphpguru.com  Reply-To: webmaster@mrphpguru.com  Content-Type: multipart/alternative; boundary="PHP-alt-2feab3c4e417e036a348502a369498f2"
mail() on [/home/awwws843/public_html/mrphpgurudemo/riskmanagement/riskapproval.php:156]: To: colintan@rocketiva.com -- Headers: From: webmaster@mrphpguru.com  Reply-To: webmaster@mrphpguru.com  Content-Type: multipart/alternative; boundary="PHP-alt-5e267a6ff7b05553d8c6b96654ad396d"
mail() on [/home/awwws843/public_html/mrphpgurudemo/riskmanagement/riskapproval.php:156]: To: dsf@gdg.com -- Headers: From: webmaster@mrphpguru.com  Reply-To: webmaster@mrphpguru.com  Content-Type: multipart/alternative; boundary="PHP-alt-da05d62e662a7217219ecfe0d80b2926"
mail() on [/home/awwws843/public_html/mrphpgurudemo/riskmanagement/riskapproval.php:156]: To: colintan@rocketiva.com -- Headers: From: webmaster@mrphpguru.com  Reply-To: webmaster@mrphpguru.com  Content-Type: multipart/alternative; boundary="PHP-alt-91821a2fefc1a955477e1c79d8168b53"
mail() on [/home/awwws843/public_html/mrphpgurudemo/riskmanagement/riskapproval.php:156]: To: colintan@rocketiva.com -- Headers: From: webmaster@mrphpguru.com  Reply-To: webmaster@mrphpguru.com  Content-Type: multipart/alternative; boundary="PHP-alt-34b4cf2c748df5234704902c43c16677"
mail() on [/home/awwws843/public_html/mrphpgurudemo/riskmanagement/riskapproval.php:156]: To: colintan@rocketiva.com -- Headers: From: webmaster@mrphpguru.com  Reply-To: webmaster@mrphpguru.com  Content-Type: multipart/alternative; boundary="PHP-alt-5ca4efd517c618aa31facd9827c43a3c"
mail() on [/home/awwws843/public_html/mrphpgurudemo/riskmanagement/riskapproval.php:156]: To: colintan@rocketiva.com -- Headers: From: webmaster@mrphpguru.com  Reply-To: webmaster@mrphpguru.com  Content-Type: multipart/alternative; boundary="PHP-alt-9918524fc8c332e1b720edbbac73590b"
mail() on [/home/awwws843/public_html/mrphpgurudemo/riskmanagement/riskapproval.php:156]: To: Julius@qe.com.sg -- Headers: From: webmaster@mrphpguru.com  Reply-To: webmaster@mrphpguru.com  Content-Type: multipart/alternative; boundary="PHP-alt-4a4590ef64ad04aafbcbc77666bcb2cb"
mail() on [/home/awwws843/public_html/mrphpgurudemo/riskmanagement/riskapproval.php:156]: To: julius@qe.com.sg -- Headers: From: webmaster@mrphpguru.com  Reply-To: webmaster@mrphpguru.com  Content-Type: multipart/alternative; boundary="PHP-alt-7b082308c2f05e19964051ed88aee3f7"
mail() on [/home/awwws843/public_html/mrphpgurudemo/riskmanagement/riskapproval.php:156]: To: suraj@awwws.com -- Headers: From: webmaster@mrphpguru.com  Reply-To: webmaster@mrphpguru.com  Content-Type: multipart/alternative; boundary="PHP-alt-95c7d2cb158e54bbd961baab1c0ca75b"
mail() on [/home/awwws843/public_html/mrphpgurudemo/riskmanagement/riskapproval.php:156]: To: rajesh@awwws.com -- Headers: From: webmaster@mrphpguru.com  Reply-To: webmaster@mrphpguru.com  Content-Type: multipart/alternative; boundary="PHP-alt-722fe2712c4570a274a9c9efe1de4090"
mail() on [/home/awwws843/public_html/mrphpgurudemo/riskmanagement/riskapproval.php:156]: To: Julius@qe.com.sg -- Headers: From: webmaster@mrphpguru.com  Reply-To: webmaster@mrphpguru.com  Content-Type: multipart/alternative; boundary="PHP-alt-d140dbf811e6c919f499ec16fd8199e6"
mail() on [/home/awwws843/public_html/mrphpgurudemo/riskmanagement/riskapproval.php:156]: To: Julius@qe.com.sg -- Headers: From: webmaster@mrphpguru.com  Reply-To: webmaster@mrphpguru.com  Content-Type: multipart/alternative; boundary="PHP-alt-7290db1c95c8062b47b2d43b650b52e1"
mail() on [/home/awwws843/public_html/mrphpgurudemo/riskmanagement/riskapproval.php:156]: To: Julius@qe.com.sg -- Headers: From: webmaster@mrphpguru.com  Reply-To: webmaster@mrphpguru.com  Content-Type: multipart/alternative; boundary="PHP-alt-b2489b75fd8388759bf8d3bbdcfe410f"
mail() on [/home/awwws843/public_html/mrphpgurudemo/riskmanagement/riskapproval.php:156]: To: Julius@qe.com.sg -- Headers: From: webmaster@mrphpguru.com  Reply-To: webmaster@mrphpguru.com  Content-Type: multipart/alternative; boundary="PHP-alt-398bba661a6df030f445d6051904ac62"
mail() on [/home/awwws843/public_html/mrphpgurudemo/riskmanagement/riskapproval.php:156]: To: suraj@awwws.com -- Headers: From: webmaster@mrphpguru.com  Reply-To: webmaster@mrphpguru.com  Content-Type: multipart/alternative; boundary="PHP-alt-74d1adbe2e4889e0810a824fdfff3d22"
mail() on [/home/awwws843/public_html/mrphpgurudemo/riskmanagement/riskapproval.php:156]: To: surajprakash1603@gmail.com -- Headers: From: webmaster@mrphpguru.com  Reply-To: webmaster@mrphpguru.com  Content-Type: multipart/alternative; boundary="PHP-alt-d99a5b4bac05a12647364350f63e0faa"
mail() on [/home/awwws843/public_html/mrphpgurudemo/riskmanagement/riskapproval.php:156]: To: surajprakash1603@gmail.com -- Headers: From: webmaster@mrphpguru.com  Reply-To: webmaster@mrphpguru.com  Content-Type: multipart/alternative; boundary="PHP-alt-277932efd157f0771f6f6812b20631b0"
mail() on [/home/awwws843/public_html/mrphpgurudemo/riskmanagement/riskapproval.php:156]: To: suraj@awwws.com -- Headers: From: webmaster@mrphpguru.com  Reply-To: webmaster@mrphpguru.com  Content-Type: multipart/alternative; boundary="PHP-alt-74ccbacfd80f6655969546bb7574e016"
mail() on [/home/awwws843/public_html/mrphpgurudemo/riskmanagement/riskapproval.php:156]: To: rajesh@awwws.com -- Headers: From: webmaster@mrphpguru.com  Reply-To: webmaster@mrphpguru.com  Content-Type: multipart/alternative; boundary="PHP-alt-ed5246496edd1343cf820a19b8e36059"
mail() on [/home/awwws843/public_html/mrphpgurudemo/riskmanagement/riskapproval.php:156]: To: suraj@awwws.com -- Headers: From: webmaster@mrphpguru.com  Reply-To: webmaster@mrphpguru.com  Content-Type: multipart/alternative; boundary="PHP-alt-b8d3812145af6435141def8610dcfb9d"
mail() on [/home/awwws843/public_html/mrphpgurudemo/riskmanagement/riskapproval.php:156]: To: surajprakash1603@gmail.com -- Headers: From: webmaster@mrphpguru.com  Reply-To: webmaster@mrphpguru.com  Content-Type: multipart/alternative; boundary="PHP-alt-cc8cb2ebe91f6842532ea28f912c7d94"
mail() on [/home/awwws843/public_html/mrphpgurudemo/riskmanagement/riskapproval.php:155]: To: surajprakash1603@gmail.com -- Headers: From: webmaster@mrphpguru.com  Reply-To: webmaster@mrphpguru.com  Content-Type: multipart/alternative; boundary="PHP-alt-6707ff219d0141a5053803f9ddaf7f5b"
mail() on [/home/awwws843/public_html/mrphpgurudemo/riskmanagement/riskapproval.php:156]: To: surajprakash1603@gmail.com -- Headers: From: webmaster@mrphpguru.com  Reply-To: webmaster@mrphpguru.com  Content-Type: multipart/alternative; boundary="PHP-alt-b2230c057070cd0c2b0869bcf45e055f"
mail() on [/home/awwws843/public_html/mrphpgurudemo/riskmanagement/riskapproval.php:156]: To: suraj@awwws.com -- Headers: From: webmaster@mrphpguru.com  Reply-To: webmaster@mrphpguru.com  Content-Type: multipart/alternative; boundary="PHP-alt-3ec684c618418cd5f8362131a32b93e5"
mail() on [/home/awwws843/public_html/mrphpgurudemo/riskmanagement/riskapproval.php:156]: To: surajprakash1603@gmail.com -- Headers: From: webmaster@mrphpguru.com  Reply-To: webmaster@mrphpguru.com  Content-Type: multipart/alternative; boundary="PHP-alt-c30b403524287b54a92fb35343ca3540"
mail() on [/home/awwws843/public_html/mrphpgurudemo/riskmanagement/riskapproval.php:156]: To: suraj@awwws.com -- Headers: From: webmaster@mrphpguru.com  Reply-To: webmaster@mrphpguru.com  Content-Type: multipart/alternative; boundary="PHP-alt-1e84d7a222ed9cdedd4077d64487c1a2"
mail() on [/home/awwws843/public_html/mrphpgurudemo/riskmanagement/riskapproval.php:156]: To: surajprakash1603@gmail.com -- Headers: From: webmaster@mrphpguru.com  Reply-To: webmaster@mrphpguru.com  Content-Type: multipart/alternative; boundary="PHP-alt-e13d95575133bd9863561851cb24a697"
mail() on [/home/awwws843/public_html/mrphpgurudemo/riskmanagement/riskapproval.php:156]: To: suraj@awwws.com -- Headers: From: webmaster@mrphpguru.com  Reply-To: webmaster@mrphpguru.com  Content-Type: multipart/alternative; boundary="PHP-alt-ac5f2801972faccbeee3340f163dc8bf"
mail() on [/home/awwws843/public_html/mrphpgurudemo/riskmanagement/riskapproval.php:163]: To: suraj@awwws.com -- Headers: From: webmaster@mrphpguru.com  Reply-To: webmaster@mrphpguru.com  Content-Type: multipart/alternative; boundary="PHP-alt-4655de1c2bab6b90603134e2890073a4"
mail() on [/home/awwws843/public_html/mrphpgurudemo/riskmanagement/riskapproval.php:163]: To: suraj@awwws.com -- Headers: From: webmaster@mrphpguru.com  Reply-To: webmaster@mrphpguru.com  Content-Type: multipart/alternative; boundary="PHP-alt-228a3dbb8b889548ac00fb0b50ad17ad"
mail() on [/home/awwws843/public_html/mrphpgurudemo/riskmanagement/riskapproval.php:163]: To: citrus1982@gmail.com -- Headers: From: webmaster@mrphpguru.com  Reply-To: webmaster@mrphpguru.com  Content-Type: multipart/alternative; boundary="PHP-alt-48f38b35c3ad4326a4fa51f520a20e37"
mail() on [/home/awwws843/public_html/mrphpgurudemo/riskmanagement/riskapproval.php:163]: To: colintan@rocketiva.com -- Headers: From: webmaster@mrphpguru.com  Reply-To: webmaster@mrphpguru.com  Content-Type: multipart/alternative; boundary="PHP-alt-64c33f8a3cfaa271aa8d916171160e88"
mail() on [/home/awwws843/public_html/mrphpgurudemo/riskmanagement/riskapproval.php:163]: To: colintan@rocketiva.com -- Headers: From: webmaster@mrphpguru.com  Reply-To: webmaster@mrphpguru.com  Content-Type: multipart/alternative; boundary="PHP-alt-08c11349f0c8304440b9e940581339c0"
mail() on [/home/awwws843/public_html/mrphpgurudemo/riskmanagement/riskapproval.php:158]: To: suraj@awwws.com -- Headers: From: webmaster@mrphpguru.com  Reply-To: webmaster@mrphpguru.com  Content-Type: multipart/alternative; boundary="PHP-alt-3617776393e6b2ce50dbdfb251eec1de"
mail() on [/home/awwws843/public_html/mrphpgurudemo/riskmanagement/riskapproval.php:158]: To: suraj@awwws.com -- Headers: From: webmaster@mrphpguru.com  Reply-To: webmaster@mrphpguru.com  Content-Type: multipart/alternative; boundary="PHP-alt-dc172b44c5424214a51771841360c030"
mail() on [/home/awwws843/public_html/mrphpgurudemo/riskmanagement/riskapproval.php:158]: To: suraj@awwws.com -- Headers: From: webmaster@mrphpguru.com  Reply-To: webmaster@mrphpguru.com  Content-Type: multipart/alternative; boundary="PHP-alt-5187d42bc73e59f3e389c483de2cfd00"
mail() on [/home/awwws843/public_html/mrphpgurudemo/riskmanagement/riskapproval.php:158]: To: suraj@awwws.com -- Headers: From: webmaster@mrphpguru.com  Reply-To: webmaster@mrphpguru.com  Content-Type: multipart/alternative; boundary="PHP-alt-5b49e0f2e786b9babc08638a13b101ea"
[26-Feb-2016 14:47:55 Europe/Bucharest] mail() on [/home/rocketiv/public_html/safety/riskapproval.php:158]: To: suraj@awwws.com -- Headers: From: webmaster@mrphpguru.com  Reply-To: webmaster@mrphpguru.com  Content-Type: multipart/alternative; boundary="PHP-alt-48a78daa7394e175037df82de59982e8"
[26-Feb-2016 15:08:33 Europe/Bucharest] mail() on [/home/rocketiv/public_html/safety/riskapproval.php:158]: To: suraj@awwws.com -- Headers: From: webmaster@mrphpguru.com  Reply-To: webmaster@mrphpguru.com  Content-Type: multipart/alternative; boundary="PHP-alt-5e73077966aad601f72d32d286a1bbd1"
[28-Feb-2016 13:00:29 Europe/Bucharest] mail() on [/home/rocketiv/public_html/safety/riskapproval.php:158]: To: julius@qe.com.sg -- Headers: From: webmaster@mrphpguru.com  Reply-To: webmaster@mrphpguru.com  Content-Type: multipart/alternative; boundary="PHP-alt-da767141b8a16b4d3d3691260bc80725"
[28-Feb-2016 13:01:06 Europe/Bucharest] mail() on [/home/rocketiv/public_html/safety/riskapproval.php:158]: To: julius@qe.com.sg -- Headers: From: webmaster@mrphpguru.com  Reply-To: webmaster@mrphpguru.com  Content-Type: multipart/alternative; boundary="PHP-alt-717f7a450a3015f3a16fe2f2ee009531"
[28-Feb-2016 13:04:48 Europe/Bucharest] mail() on [/home/rocketiv/public_html/safety/riskapproval.php:158]: To: julius@qe.com.sg -- Headers: From: webmaster@mrphpguru.com  Reply-To: webmaster@mrphpguru.com  Content-Type: multipart/alternative; boundary="PHP-alt-e26377583acf5f0b00048af74eb63881"
[01-Mar-2016 13:30:06 Europe/Bucharest] mail() on [/home/rocketiv/public_html/safety/riskapproval.php:160]: To: mrphpguru@gmail.com -- Headers: From: webmaster@mrphpguru.com  Reply-To: webmaster@mrphpguru.com  Content-Type: multipart/alternative; boundary="PHP-alt-3e9f192c46932cbb14f13cfe2d5d61d9"
[01-Mar-2016 13:43:43 Europe/Bucharest] mail() on [/home/rocketiv/public_html/safety/riskapproval.php:160]: To: mrphpguru@gmail.com -- Headers: From: webmaster@mrphpguru.com  Reply-To: webmaster@mrphpguru.com  Content-Type: multipart/alternative; boundary="PHP-alt-73a657278a423a279161b1ebce31c2c2"
[02-Mar-2016 03:16:24 Europe/Bucharest] mail() on [/home/rocketiv/public_html/safety/riskapproval.php:160]: To: Julius@qe.com.sg -- Headers: From: webmaster@mrphpguru.com  Reply-To: webmaster@mrphpguru.com  Content-Type: multipart/alternative; boundary="PHP-alt-935cafe1e4ac776295edcabea3bdffc4"
[03-Mar-2016 10:34:16 Europe/Bucharest] mail() on [/home/rocketiv/public_html/safety/riskapproval.php:160]: To: Julius@qe.com.sg -- Headers: From: webmaster@mrphpguru.com  Reply-To: webmaster@mrphpguru.com  Content-Type: multipart/alternative; boundary="PHP-alt-4c4b4b572a20ad2ed6a521ccfcf1deba"
[03-Mar-2016 10:35:21 Europe/Bucharest] mail() on [/home/rocketiv/public_html/safety/riskapproval.php:160]: To: Julius@qe.com.sg -- Headers: From: webmaster@mrphpguru.com  Reply-To: webmaster@mrphpguru.com  Content-Type: multipart/alternative; boundary="PHP-alt-8b534d9bc7d2bb3c2fcfbbbda2a9eb6d"
[08-Mar-2016 07:53:22 Europe/Bucharest] mail() on [/home/rocketiv/public_html/safety/riskapproval.php:160]: To: Julius@qe.com.sg -- Headers: From: webmaster@mrphpguru.com  Reply-To: webmaster@mrphpguru.com  Content-Type: multipart/alternative; boundary="PHP-alt-da8593fa83c7503a14ddbb99f837683f"
[08-Mar-2016 07:53:25 Europe/Bucharest] mail() on [/home/rocketiv/public_html/safety/riskapproval.php:160]: To: Julius@qe.com.sg -- Headers: From: webmaster@mrphpguru.com  Reply-To: webmaster@mrphpguru.com  Content-Type: multipart/alternative; boundary="PHP-alt-93116fd80b9f1cd77506f0f800f9932f"
[09-Mar-2016 15:44:38 Europe/Bucharest] mail() on [/home/rocketiv/public_html/safety/riskapproval.php:160]: To: suraj@awwws.com -- Headers: From: webmaster@mrphpguru.com  Reply-To: webmaster@mrphpguru.com  Content-Type: multipart/alternative; boundary="PHP-alt-51c9d093273d363b23aca0d996d8d501"
[09-Mar-2016 16:18:06 Europe/Bucharest] mail() on [/home/rocketiv/public_html/safety/riskapproval.php:160]: To: safety@qe.com.sg -- Headers: From: webmaster@mrphpguru.com  Reply-To: webmaster@mrphpguru.com  Content-Type: multipart/alternative; boundary="PHP-alt-c76621128e031b88698e50345649070d"
[09-Mar-2016 16:19:22 Europe/Bucharest] mail() on [/home/rocketiv/public_html/safety/riskapproval.php:160]: To: Julius@qe.com.sg -- Headers: From: webmaster@mrphpguru.com  Reply-To: webmaster@mrphpguru.com  Content-Type: multipart/alternative; boundary="PHP-alt-c073f12934f19eb676372c8b8620c976"
[10-Mar-2016 07:44:10 Europe/Bucharest] mail() on [/home/rocketiv/public_html/safety/riskapproval.php:160]: To: Julius@qe.com.sg -- Headers: From: webmaster@mrphpguru.com  Reply-To: webmaster@mrphpguru.com  Content-Type: multipart/alternative; boundary="PHP-alt-fe61dcce6641a01a47022f64eb8ba019"
[10-Mar-2016 08:36:43 Europe/Bucharest] mail() on [/home/rocketiv/public_html/safety/riskapproval.php:160]: To: Julius@qe.com.sg -- Headers: From: webmaster@mrphpguru.com  Reply-To: webmaster@mrphpguru.com  Content-Type: multipart/alternative; boundary="PHP-alt-90a5209c615f56aeda17e863e4815b58"
[10-Mar-2016 08:40:26 Europe/Bucharest] mail() on [/home/rocketiv/public_html/safety/riskapproval.php:160]: To: Julius@qe.com.sg -- Headers: From: webmaster@mrphpguru.com  Reply-To: webmaster@mrphpguru.com  Content-Type: multipart/alternative; boundary="PHP-alt-29d92e41f66e5f51d20802459dd0773f"
[10-Mar-2016 08:51:26 Europe/Bucharest] mail() on [/home/rocketiv/public_html/safety/riskapproval.php:160]: To: Julius@qe.com.sg -- Headers: From: webmaster@mrphpguru.com  Reply-To: webmaster@mrphpguru.com  Content-Type: multipart/alternative; boundary="PHP-alt-f02b561d71b439ccb3493cf27254564f"
[10-Mar-2016 09:18:00 Europe/Bucharest] mail() on [/home/rocketiv/public_html/safety/riskapproval.php:160]: To: Julius@qe.com.sg -- Headers: From: webmaster@mrphpguru.com  Reply-To: webmaster@mrphpguru.com  Content-Type: multipart/alternative; boundary="PHP-alt-8d87a200b3d630a7e5854c7fb6716b5b"
[10-Mar-2016 09:40:16 Europe/Bucharest] mail() on [/home/rocketiv/public_html/safety/riskapproval.php:160]: To: Julius@qe.com.sg -- Headers: From: webmaster@mrphpguru.com  Reply-To: webmaster@mrphpguru.com  Content-Type: multipart/alternative; boundary="PHP-alt-675a4990ac1d60819bc6107ddc5aef8e"
[10-Mar-2016 10:13:38 Europe/Bucharest] mail() on [/home/rocketiv/public_html/safety/riskapproval.php:160]: To: Julius@qe.com.sg -- Headers: From: webmaster@mrphpguru.com  Reply-To: webmaster@mrphpguru.com  Content-Type: multipart/alternative; boundary="PHP-alt-fb2c8cf983af98422a6d6262d7487fae"
[10-Mar-2016 12:03:38 Europe/Bucharest] mail() on [/home/rocketiv/public_html/safety/riskapproval.php:160]: To: suraj@awwws.com -- Headers: From: webmaster@mrphpguru.com  Reply-To: webmaster@mrphpguru.com  Content-Type: multipart/alternative; boundary="PHP-alt-4ea389e4052f5c28faca749ead7427db"
[10-Mar-2016 12:03:38 Europe/Bucharest] mail() on [/home/rocketiv/public_html/safety/riskapproval.php:160]: To: Julius@qe.com.sg -- Headers: From: webmaster@mrphpguru.com  Reply-To: webmaster@mrphpguru.com  Content-Type: multipart/alternative; boundary="PHP-alt-4ea389e4052f5c28faca749ead7427db"
[10-Mar-2016 12:13:09 Europe/Bucharest] mail() on [/home/rocketiv/public_html/safety/riskapproval.php:165]: To: suraj@awwws.com -- Headers: From: webmaster@mrphpguru.com  Reply-To: webmaster@mrphpguru.com  Content-Type: multipart/alternative; boundary="PHP-alt-10a2ed3685ea208748470031b7946d59"
[10-Mar-2016 12:17:30 Europe/Bucharest] mail() on [/home/rocketiv/public_html/safety/riskapproval.php:165]: To: suraj@awwws.com -- Headers: From: webmaster@mrphpguru.com  Reply-To: webmaster@mrphpguru.com  Content-Type: multipart/alternative; boundary="PHP-alt-61c99b16073fdeaa3b51d0d3be146482"
[10-Mar-2016 12:18:42 Europe/Bucharest] mail() on [/home/rocketiv/public_html/safety/riskapproval.php:165]: To: suraj@awwws.com -- Headers: From: webmaster@mrphpguru.com  Reply-To: webmaster@mrphpguru.com  Content-Type: multipart/alternative; boundary="PHP-alt-1c9e94d0a7c16a796b98f1cf74a38862"
[10-Mar-2016 12:20:54 Europe/Bucharest] mail() on [/home/rocketiv/public_html/safety/riskapproval.php:165]: To: suraj@awwws.com -- Headers: From: webmaster@mrphpguru.com  Reply-To: webmaster@mrphpguru.com  Content-Type: multipart/alternative; boundary="PHP-alt-6ca5fe18a6e36c4427ea1fe1e80fb581"
[10-Mar-2016 12:30:41 Europe/Bucharest] mail() on [/home/rocketiv/public_html/safety/riskapproval.php:165]: To: suraj@awwws.com -- Headers: From: webmaster@mrphpguru.com  Reply-To: webmaster@mrphpguru.com  Content-Type: multipart/alternative; boundary="PHP-alt-be7179398c757547530f7c426cc8dc02"
[10-Mar-2016 12:33:27 Europe/Bucharest] mail() on [/home/rocketiv/public_html/safety/riskapproval.php:166]: To: suraj@awwws.com -- Headers: From: webmaster@mrphpguru.com  Reply-To: webmaster@mrphpguru.com  Content-Type: multipart/alternative; boundary="PHP-alt-88601a681f93190862f9b87ea310e6da"
[10-Mar-2016 12:40:47 Europe/Bucharest] mail() on [/home/rocketiv/public_html/safety/riskapproval.php:165]: To: suraj@awwws.com -- Headers: From: webmaster@mrphpguru.com  Reply-To: webmaster@mrphpguru.com  Content-Type: multipart/alternative; boundary="PHP-alt-4107d938d8f734309dcde5e3979a3f9a"
[10-Mar-2016 12:42:22 Europe/Bucharest] mail() on [/home/rocketiv/public_html/safety/riskapproval.php:165]: To: suraj@awwws.com -- Headers: From: webmaster@mrphpguru.com  Reply-To: webmaster@mrphpguru.com  Content-Type: multipart/alternative; boundary="PHP-alt-5e4afb29ccb4ad67611c7810b1d586ef"
[10-Mar-2016 12:47:19 Europe/Bucharest] mail() on [/home/rocketiv/public_html/safety/riskapproval.php:165]: To: suraj@awwws.com -- Headers: From: webmaster@mrphpguru.com  Reply-To: webmaster@mrphpguru.com  Content-Type: multipart/alternative; boundary="PHP-alt-e4c03f1cb0bc61156b39e5da62882bfe"
[10-Mar-2016 12:51:45 Europe/Bucharest] mail() on [/home/rocketiv/public_html/safety/riskapproval.php:166]: To: suraj@awwws.com -- Headers: From: webmaster@mrphpguru.com  Reply-To: webmaster@mrphpguru.com  Content-Type: multipart/alternative; boundary="PHP-alt-047d148989cb258f357897e79d75bc35"
[10-Mar-2016 12:53:17 Europe/Bucharest] mail() on [/home/rocketiv/public_html/safety/riskapproval.php:166]: To: suraj@awwws.com -- Headers: From: webmaster@mrphpguru.com  Reply-To: webmaster@mrphpguru.com  Content-Type: multipart/alternative; boundary="PHP-alt-2e8abb328feda958775e0a0e595312d5"
[10-Mar-2016 12:54:52 Europe/Bucharest] mail() on [/home/rocketiv/public_html/safety/riskapproval.php:166]: To: suraj@awwws.com -- Headers: From: webmaster@mrphpguru.com  Reply-To: webmaster@mrphpguru.com  Content-Type: multipart/alternative; boundary="PHP-alt-85ff7484a099b1e4e0d3119bf86029de"
[10-Mar-2016 13:41:29 Europe/Bucharest] mail() on [/home/rocketiv/public_html/safety/riskapproval.php:166]: To: suraj@awwws.com -- Headers: From: webmaster@mrphpguru.com  Reply-To: webmaster@mrphpguru.com  Content-Type: multipart/alternative; boundary="PHP-alt-a8f47d7060bfff35192aaf23245d1007"
[10-Mar-2016 14:09:07 Europe/Bucharest] mail() on [/home/rocketiv/public_html/safety/riskapproval.php:166]: To: Julius@qe.com.sg -- Headers: From: webmaster@mrphpguru.com  Reply-To: webmaster@mrphpguru.com  Content-Type: multipart/alternative; boundary="PHP-alt-1a2b22f17d3e97f80d43e3270802ad11"
[10-Mar-2016 14:22:59 Europe/Bucharest] mail() on [/home/rocketiv/public_html/safety/riskapproval.php:166]: To: mrphpguru@gmail.com -- Headers: From: webmaster@mrphpguru.com  Reply-To: webmaster@mrphpguru.com  Content-Type: multipart/alternative; boundary="PHP-alt-0528e50272c487026e95ec49a65da914"
[10-Mar-2016 14:33:33 Europe/Bucharest] mail() on [/home/rocketiv/public_html/safety/riskapproval.php:166]: To: suraj@awwws.com -- Headers: From: webmaster@mrphpguru.com  Reply-To: webmaster@mrphpguru.com  Content-Type: multipart/alternative; boundary="PHP-alt-6f74a25db200ed81f2e5923679736eef"
[10-Mar-2016 14:34:52 Europe/Bucharest] mail() on [/home/rocketiv/public_html/safety/riskapproval.php:166]: To: mrphpguru@gmail.com -- Headers: From: webmaster@mrphpguru.com  Reply-To: webmaster@mrphpguru.com  Content-Type: multipart/alternative; boundary="PHP-alt-9583aa4ae58ac8c8641b3f7c658b5a89"
[10-Mar-2016 14:56:45 Europe/Bucharest] mail() on [/home/rocketiv/public_html/safety/riskapproval.php:166]: To: suraj@awwws.com -- Headers: From: webmaster@mrphpguru.com  Reply-To: webmaster@mrphpguru.com  Content-Type: multipart/alternative; boundary="PHP-alt-1454b957b391fab299bfc96fa49d7bf4"
[10-Mar-2016 15:45:54 Europe/Bucharest] mail() on [/home/rocketiv/public_html/safety/riskapproval.php:166]: To: mrphpguru@gmail.com -- Headers: From: webmaster@mrphpguru.com  Reply-To: webmaster@mrphpguru.com  Content-Type: multipart/alternative; boundary="PHP-alt-0381e87c8b3b2b5193cce193e361e2bc"
[10-Mar-2016 15:49:25 Europe/Bucharest] mail() on [/home/rocketiv/public_html/safety/riskapproval.php:166]: To: julius@qe.com.sg -- Headers: From: webmaster@mrphpguru.com  Reply-To: webmaster@mrphpguru.com  Content-Type: multipart/alternative; boundary="PHP-alt-8bb9f4b47313c95dd64caf58f14c93a5"
[10-Mar-2016 15:52:10 Europe/Bucharest] mail() on [/home/rocketiv/public_html/safety/riskapproval.php:166]: To: suraj@awwws.com -- Headers: From: webmaster@mrphpguru.com  Reply-To: webmaster@mrphpguru.com  Content-Type: multipart/alternative; boundary="PHP-alt-824797a01144fa84fc000f3f69a86027"
[10-Mar-2016 15:52:53 Europe/Bucharest] mail() on [/home/rocketiv/public_html/safety/riskapproval.php:166]: To: safety@qe.com.sg -- Headers: From: webmaster@mrphpguru.com  Reply-To: webmaster@mrphpguru.com  Content-Type: multipart/alternative; boundary="PHP-alt-52fa0399d305b7fedf575012892b598f"
[10-Mar-2016 15:53:14 Europe/Bucharest] mail() on [/home/rocketiv/public_html/safety/riskapproval.php:166]: To: mrphpguru@gmail.com -- Headers: From: webmaster@mrphpguru.com  Reply-To: webmaster@mrphpguru.com  Content-Type: multipart/alternative; boundary="PHP-alt-6e7ab221aed252d99fc4e9a63c8c9338"
[10-Mar-2016 15:53:33 Europe/Bucharest] mail() on [/home/rocketiv/public_html/safety/riskapproval.php:166]: To: Julius@qe.com.sg -- Headers: From: webmaster@mrphpguru.com  Reply-To: webmaster@mrphpguru.com  Content-Type: multipart/alternative; boundary="PHP-alt-dbf7cc9f1f43322b9291899d9275d96e"
[10-Mar-2016 15:54:01 Europe/Bucharest] mail() on [/home/rocketiv/public_html/safety/riskapproval.php:166]: To: julius@qe.com.sg -- Headers: From: webmaster@mrphpguru.com  Reply-To: webmaster@mrphpguru.com  Content-Type: multipart/alternative; boundary="PHP-alt-187f0e38cf0b64ceb0aa9b82649315d8"
[10-Mar-2016 15:56:08 Europe/Bucharest] mail() on [/home/rocketiv/public_html/safety/riskapproval.php:166]: To: mrphpguru@gmail.com -- Headers: From: webmaster@mrphpguru.com  Reply-To: webmaster@mrphpguru.com  Content-Type: multipart/alternative; boundary="PHP-alt-c60e6784320ab4c29f952e656791cb75"
[10-Mar-2016 15:56:18 Europe/Bucharest] mail() on [/home/rocketiv/public_html/safety/riskapproval.php:166]: To: suraj@awwws.com -- Headers: From: webmaster@mrphpguru.com  Reply-To: webmaster@mrphpguru.com  Content-Type: multipart/alternative; boundary="PHP-alt-b3589d61f4ef8e7d457ce42590d124e0"
[10-Mar-2016 15:56:49 Europe/Bucharest] mail() on [/home/rocketiv/public_html/safety/riskapproval.php:166]: To: julius@qe.com.sg -- Headers: From: webmaster@mrphpguru.com  Reply-To: webmaster@mrphpguru.com  Content-Type: multipart/alternative; boundary="PHP-alt-5ae369b81407120dc81f6694557a6373"
[10-Mar-2016 15:57:13 Europe/Bucharest] mail() on [/home/rocketiv/public_html/safety/riskapproval.php:166]: To: suraj@awwws.com -- Headers: From: webmaster@mrphpguru.com  Reply-To: webmaster@mrphpguru.com  Content-Type: multipart/alternative; boundary="PHP-alt-0c2eac16c81d3cf54a71ef81611193d3"
[10-Mar-2016 15:57:29 Europe/Bucharest] mail() on [/home/rocketiv/public_html/safety/riskapproval.php:166]: To: julius@qe.com.sg -- Headers: From: webmaster@mrphpguru.com  Reply-To: webmaster@mrphpguru.com  Content-Type: multipart/alternative; boundary="PHP-alt-3c82c1dd2a43c40a8814d2fecace236d"
[10-Mar-2016 15:57:41 Europe/Bucharest] mail() on [/home/rocketiv/public_html/safety/riskapproval.php:166]: To: Julius@qe.com.sg -- Headers: From: webmaster@mrphpguru.com  Reply-To: webmaster@mrphpguru.com  Content-Type: multipart/alternative; boundary="PHP-alt-06287c2a3b4022a68202bdb5c71d64ff"
[10-Mar-2016 15:58:23 Europe/Bucharest] mail() on [/home/rocketiv/public_html/safety/riskapproval.php:166]: To: Julius@qe.com.sg -- Headers: From: webmaster@mrphpguru.com  Reply-To: webmaster@mrphpguru.com  Content-Type: multipart/alternative; boundary="PHP-alt-7e22abbe647fe54966a026da1b3944cd"
[10-Mar-2016 15:59:00 Europe/Bucharest] mail() on [/home/rocketiv/public_html/safety/riskapproval.php:166]: To: suraj@awwws.com -- Headers: From: webmaster@mrphpguru.com  Reply-To: webmaster@mrphpguru.com  Content-Type: multipart/alternative; boundary="PHP-alt-10414caad33df515e97440bdf8f8382f"
[10-Mar-2016 15:59:35 Europe/Bucharest] mail() on [/home/rocketiv/public_html/safety/riskapproval.php:166]: To: julius@qe.com.sg -- Headers: From: webmaster@mrphpguru.com  Reply-To: webmaster@mrphpguru.com  Content-Type: multipart/alternative; boundary="PHP-alt-b671408fa88fc25553172b6afded3f2c"
[10-Mar-2016 15:59:47 Europe/Bucharest] mail() on [/home/rocketiv/public_html/safety/riskapproval.php:166]: To: julius@qe.com.sg -- Headers: From: webmaster@mrphpguru.com  Reply-To: webmaster@mrphpguru.com  Content-Type: multipart/alternative; boundary="PHP-alt-713577578e326fdb3e071f07ee1777d4"
[10-Mar-2016 16:00:47 Europe/Bucharest] mail() on [/home/rocketiv/public_html/safety/riskapproval.php:166]: To: Julius@qe.com.sg -- Headers: From: webmaster@mrphpguru.com  Reply-To: webmaster@mrphpguru.com  Content-Type: multipart/alternative; boundary="PHP-alt-5fb196070446136980f10102643c0c07"
[10-Mar-2016 16:01:18 Europe/Bucharest] mail() on [/home/rocketiv/public_html/safety/riskapproval.php:166]: To: julius@qe.com.sg -- Headers: From: webmaster@mrphpguru.com  Reply-To: webmaster@mrphpguru.com  Content-Type: multipart/alternative; boundary="PHP-alt-20f2ad777819763ef6cf20480ac8e1a3"
[10-Mar-2016 16:02:16 Europe/Bucharest] mail() on [/home/rocketiv/public_html/safety/riskapproval.php:166]: To: Julius@qe.com.sg -- Headers: From: webmaster@mrphpguru.com  Reply-To: webmaster@mrphpguru.com  Content-Type: multipart/alternative; boundary="PHP-alt-c6aea68e9c46b728a9d98d32a2c02647"
[10-Mar-2016 16:02:47 Europe/Bucharest] mail() on [/home/rocketiv/public_html/safety/riskapproval.php:166]: To: mrphpguru@gmail.com -- Headers: From: webmaster@mrphpguru.com  Reply-To: webmaster@mrphpguru.com  Content-Type: multipart/alternative; boundary="PHP-alt-61f40160d5ddc48aa22fa98489bbcfd0"
[10-Mar-2016 16:04:06 Europe/Bucharest] mail() on [/home/rocketiv/public_html/safety/riskapproval.php:166]: To: julius@qe.com.sg -- Headers: From: webmaster@mrphpguru.com  Reply-To: webmaster@mrphpguru.com  Content-Type: multipart/alternative; boundary="PHP-alt-a6390b7f8a177124349eaed856c328a4"
[10-Mar-2016 16:07:42 Europe/Bucharest] mail() on [/home/rocketiv/public_html/safety/riskapproval.php:166]: To: mrphpguru@gmail.com -- Headers: From: webmaster@mrphpguru.com  Reply-To: webmaster@mrphpguru.com  Content-Type: multipart/alternative; boundary="PHP-alt-d07929848048989328ba030318134b87"
[10-Mar-2016 16:08:03 Europe/Bucharest] mail() on [/home/rocketiv/public_html/safety/riskapproval.php:166]: To: mrphpguru@gmail.com -- Headers: From: webmaster@mrphpguru.com  Reply-To: webmaster@mrphpguru.com  Content-Type: multipart/alternative; boundary="PHP-alt-acc7ae1883a5e941bdadd85649487127"
[10-Mar-2016 17:29:05 Europe/Bucharest] mail() on [/home/rocketiv/public_html/safety/riskapproval.php:166]: To: Julius@qe.com.sg -- Headers: From: webmaster@mrphpguru.com  Reply-To: webmaster@mrphpguru.com  Content-Type: multipart/alternative; boundary="PHP-alt-793222f901f648459ec9c81b25309a05"
[11-Mar-2016 04:35:29 Europe/Bucharest] mail() on [/home/rocketiv/public_html/safety/riskapproval.php:166]: To: Julius@qe.com.sg -- Headers: From: webmaster@mrphpguru.com  Reply-To: webmaster@mrphpguru.com  Content-Type: multipart/alternative; boundary="PHP-alt-19f4e8fc01778c28c8d6b6c0a09ea9cc"
[11-Mar-2016 04:37:17 Europe/Bucharest] mail() on [/home/rocketiv/public_html/safety/riskapproval.php:166]: To: Julius@qe.com.sg -- Headers: From: webmaster@mrphpguru.com  Reply-To: webmaster@mrphpguru.com  Content-Type: multipart/alternative; boundary="PHP-alt-a71356d6e7e926ae51c08dd0a0b6bb9c"
[23-Mar-2016 05:32:16 Europe/Bucharest] mail() on [/home/rocketiv/public_html/safety/riskapproval.php:166]: To: Julius@qe.com.sg -- Headers: From: webmaster@mrphpguru.com  Reply-To: webmaster@mrphpguru.com  Content-Type: multipart/alternative; boundary="PHP-alt-ef00c73941a24be79ccff45cf49397eb"
[24-Mar-2016 02:54:40 Europe/Bucharest] mail() on [/home/rocketiv/public_html/safety/riskapproval.php:166]: To: Julius@qe.com.sg -- Headers: From: webmaster@mrphpguru.com  Reply-To: webmaster@mrphpguru.com  Content-Type: multipart/alternative; boundary="PHP-alt-9dae9200435e55fcdddecaf1317db96a"
[24-Mar-2016 03:17:10 Europe/Bucharest] mail() on [/home/rocketiv/public_html/safety/riskapproval.php:166]: To: julius@qe.com.sg -- Headers: From: webmaster@mrphpguru.com  Reply-To: webmaster@mrphpguru.com  Content-Type: multipart/alternative; boundary="PHP-alt-ddc356b0fd6b880d19925b0e484d7a23"
[24-Mar-2016 03:33:21 Europe/Bucharest] mail() on [/home/rocketiv/public_html/safety/riskapproval.php:166]: To: suraj@awwws.com -- Headers: From: webmaster@mrphpguru.com  Reply-To: webmaster@mrphpguru.com  Content-Type: multipart/alternative; boundary="PHP-alt-c1c615e574c77cca88a18e6c87792da6"
[24-Mar-2016 10:55:16 Europe/Bucharest] mail() on [/home/rocketiv/public_html/safety/riskapproval.php:166]: To: Julius@qe.com.sg -- Headers: From: webmaster@mrphpguru.com  Reply-To: webmaster@mrphpguru.com  Content-Type: multipart/alternative; boundary="PHP-alt-ba7731b57554dc192185fa18dfafe1d4"
[29-Mar-2016 08:46:41 Europe/Bucharest] mail() on [/home/rocketiv/public_html/safety/riskapproval.php:166]: To: suraj@awwws.com -- Headers: From: webmaster@mrphpguru.com  Reply-To: webmaster@mrphpguru.com  Content-Type: multipart/alternative; boundary="PHP-alt-7902a30bb9140f9e03d761df084febe4"
[29-Mar-2016 08:50:50 Europe/Bucharest] mail() on [/home/rocketiv/public_html/safety/riskapproval.php:166]: To: suraj@awwws.com -- Headers: From: webmaster@mrphpguru.com  Reply-To: webmaster@mrphpguru.com  Content-Type: multipart/alternative; boundary="PHP-alt-72a3c961689d8d8e331aba5fedd32cda"
[29-Mar-2016 09:14:37 Europe/Bucharest] mail() on [/home/rocketiv/public_html/safety/riskapproval.php:166]: To: suraj@awwws.com -- Headers: From: webmaster@mrphpguru.com  Reply-To: webmaster@mrphpguru.com  Content-Type: multipart/alternative; boundary="PHP-alt-87866386273896d4e255bd51a26d625c"
[29-Mar-2016 10:47:41 Europe/Bucharest] mail() on [/home/rocketiv/public_html/safety/riskapproval.php:166]: To: suraj@awwws.com -- Headers: From: webmaster@mrphpguru.com  Reply-To: webmaster@mrphpguru.com  Content-Type: multipart/alternative; boundary="PHP-alt-ac474e2a5b01bdc11009f2ea5c87de39"
[29-Mar-2016 12:51:15 Europe/Bucharest] mail() on [/home/rocketiv/public_html/safety/riskapproval.php:166]: To: suraj@awwws.com -- Headers: From: webmaster@mrphpguru.com  Reply-To: webmaster@mrphpguru.com  Content-Type: multipart/alternative; boundary="PHP-alt-4bb6e4d229133f9d413000acd93ef7bd"
[29-Mar-2016 13:10:12 Europe/Bucharest] mail() on [/home/rocketiv/public_html/safety/riskapproval.php:166]: To: suraj@awwws.com -- Headers: From: webmaster@mrphpguru.com  Reply-To: webmaster@mrphpguru.com  Content-Type: multipart/alternative; boundary="PHP-alt-b5a2695835f41fb6611041af37ca8e2d"
[29-Mar-2016 14:08:43 Europe/Bucharest] mail() on [/home/rocketiv/public_html/safety/riskapproval.php:166]: To: suraj@awwws.com -- Headers: From: webmaster@mrphpguru.com  Reply-To: webmaster@mrphpguru.com  Content-Type: multipart/alternative; boundary="PHP-alt-84d8fb1e9abbc7e3f2edc1029badfc97"
[19-Apr-2016 18:40:33 Europe/Bucharest] mail() on [/home/rocketiv/public_html/safety/riskapproval.php:166]: To: Julius@qe.com.sg -- Headers: From: webmaster@mrphpguru.com  Reply-To: webmaster@mrphpguru.com  Content-Type: multipart/alternative; boundary="PHP-alt-6925a4ead70fbe5dff38ce7bfa8ab3bf"
[19-Apr-2016 18:41:21 Europe/Bucharest] mail() on [/home/rocketiv/public_html/safety/riskapproval.php:166]: To: Julius@qe.com.sg -- Headers: From: webmaster@mrphpguru.com  Reply-To: webmaster@mrphpguru.com  Content-Type: multipart/alternative; boundary="PHP-alt-19c8f1ed303e31b81260475b8d6adfdf"
[20-Apr-2016 12:17:22 Europe/Bucharest] mail() on [/home/rocketiv/public_html/safety/riskapproval.php:166]: To: Julius@qe.com.sg -- Headers: From: webmaster@mrphpguru.com  Reply-To: webmaster@mrphpguru.com  Content-Type: multipart/alternative; boundary="PHP-alt-384e0aa7eb4d4ba7af99c7e8160f4166"
[20-Apr-2016 12:18:42 Europe/Bucharest] mail() on [/home/rocketiv/public_html/safety/riskapproval.php:166]: To: Julius@qe.com.sg -- Headers: From: webmaster@mrphpguru.com  Reply-To: webmaster@mrphpguru.com  Content-Type: multipart/alternative; boundary="PHP-alt-10b172aba0211fe7f8484e9a0133d404"
[20-Apr-2016 12:19:29 Europe/Bucharest] mail() on [/home/rocketiv/public_html/safety/riskapproval.php:166]: To: Julius@qe.com.sg -- Headers: From: webmaster@mrphpguru.com  Reply-To: webmaster@mrphpguru.com  Content-Type: multipart/alternative; boundary="PHP-alt-043551b598cc55b2cdf5b134796b6e62"
[21-Apr-2016 06:37:09 Europe/Bucharest] mail() on [/home/rocketiv/public_html/safety/riskapproval.php:166]: To: Julius@qe.com.sg -- Headers: From: webmaster@mrphpguru.com  Reply-To: webmaster@mrphpguru.com  Content-Type: multipart/alternative; boundary="PHP-alt-1e513812e8cf1f37c15e3a0fae4d7f8e"
[21-Apr-2016 07:17:15 Europe/Bucharest] mail() on [/home/rocketiv/public_html/safety/riskapproval.php:166]: To: Julius@qe.com.sg -- Headers: From: webmaster@mrphpguru.com  Reply-To: webmaster@mrphpguru.com  Content-Type: multipart/alternative; boundary="PHP-alt-140ab30fb92f5fc31d41c0c984392b56"
[21-Apr-2016 10:11:57 Europe/Bucharest] mail() on [/home/rocketiv/public_html/safety/riskapproval.php:166]: To: Julius@qe.com.sg -- Headers: From: webmaster@mrphpguru.com  Reply-To: webmaster@mrphpguru.com  Content-Type: multipart/alternative; boundary="PHP-alt-9d6e3c8aef402ccc9319240b832bf40b"
[22-Apr-2016 08:45:56 Europe/Bucharest] mail() on [/home/rocketiv/public_html/safety/riskapproval.php:166]: To: suraj@awwws.com -- Headers: From: webmaster@mrphpguru.com  Reply-To: webmaster@mrphpguru.com  Content-Type: multipart/alternative; boundary="PHP-alt-d01794849091b0a196154214cdaf2420"
[22-Apr-2016 08:53:53 Europe/Bucharest] mail() on [/home/rocketiv/public_html/safety/riskapproval.php:166]: To: suraj@awwws.com -- Headers: From: webmaster@mrphpguru.com  Reply-To: webmaster@mrphpguru.com  Content-Type: multipart/alternative; boundary="PHP-alt-4dcf0530550b063f938d95c8c64842ec"
[22-Apr-2016 09:12:37 Europe/Bucharest] mail() on [/home/rocketiv/public_html/safety/riskapproval.php:166]: To: suraj@awwws.com -- Headers: From: webmaster@mrphpguru.com  Reply-To: webmaster@mrphpguru.com  Content-Type: multipart/alternative; boundary="PHP-alt-91fe480bf9581772b6c95363540ecc5f"
[22-Apr-2016 09:13:47 Europe/Bucharest] mail() on [/home/rocketiv/public_html/safety/riskapproval.php:166]: To: suraj@awwws.com -- Headers: From: webmaster@mrphpguru.com  Reply-To: webmaster@mrphpguru.com  Content-Type: multipart/alternative; boundary="PHP-alt-a4d1365eee8acf07870f3e97651ec3b1"
[22-Apr-2016 09:14:35 Europe/Bucharest] mail() on [/home/rocketiv/public_html/safety/riskapproval.php:166]: To: suraj@awwws.com -- Headers: From: webmaster@mrphpguru.com  Reply-To: webmaster@mrphpguru.com  Content-Type: multipart/alternative; boundary="PHP-alt-34909fbd6c6795491581cfa4009a8c3f"
[22-Apr-2016 09:15:34 Europe/Bucharest] mail() on [/home/rocketiv/public_html/safety/riskapproval.php:166]: To: suraj@awwws.com -- Headers: From: webmaster@mrphpguru.com  Reply-To: webmaster@mrphpguru.com  Content-Type: multipart/alternative; boundary="PHP-alt-f00d5aafc1ff94ea3f0ae519587e53df"
[22-Apr-2016 09:20:30 Europe/Bucharest] mail() on [/home/rocketiv/public_html/safety/riskapproval.php:166]: To: suraj@awwws.com -- Headers: From: webmaster@mrphpguru.com  Reply-To: webmaster@mrphpguru.com  Content-Type: multipart/alternative; boundary="PHP-alt-576da255d9a04ba670be9fe0b1710b4a"
[22-Apr-2016 09:23:04 Europe/Bucharest] mail() on [/home/rocketiv/public_html/safety/riskapproval.php:166]: To: suraj@awwws.com -- Headers: From: webmaster@mrphpguru.com  Reply-To: webmaster@mrphpguru.com  Content-Type: multipart/alternative; boundary="PHP-alt-80725877f486f99d60f2d90b56c44718"
[22-Apr-2016 09:29:10 Europe/Bucharest] mail() on [/home/rocketiv/public_html/safety/riskapproval.php:166]: To: suraj@awwws.com -- Headers: From: webmaster@mrphpguru.com  Reply-To: webmaster@mrphpguru.com  Content-Type: multipart/alternative; boundary="PHP-alt-c26fb5fe49e05bfa7b0423ef0e40770f"
[22-Apr-2016 09:29:52 Europe/Bucharest] mail() on [/home/rocketiv/public_html/safety/riskapproval.php:166]: To: suraj@awwws.com -- Headers: From: webmaster@mrphpguru.com  Reply-To: webmaster@mrphpguru.com  Content-Type: multipart/alternative; boundary="PHP-alt-558143f350a50d71f05db1e34a97e225"
[22-Apr-2016 09:33:17 Europe/Bucharest] mail() on [/home/rocketiv/public_html/safety/riskapproval.php:170]: To: suraj@awwws.com -- Headers: From: webmaster@mrphpguru.com  Reply-To: webmaster@mrphpguru.com  Content-Type: multipart/alternative; boundary="PHP-alt-cedbb6f491cbc95f192c978100ba5cec"
[22-Apr-2016 09:47:54 Europe/Bucharest] mail() on [/home/rocketiv/public_html/safety/riskapproval.php:169]: To: Julius@qe.com.sg -- Headers: From: webmaster@mrphpguru.com  Reply-To: webmaster@mrphpguru.com  Content-Type: multipart/alternative; boundary="PHP-alt-2342c9e69d04e31283f329c85f52509a"
[22-Apr-2016 11:10:52 Europe/Bucharest] mail() on [/home/rocketiv/public_html/safety/sendmail.php:20]: To: suraj@awwws.com -- Headers: From: webmaster@example.com
[22-Apr-2016 11:10:52 Europe/Bucharest] mail() on [/home/rocketiv/public_html/safety/sendmail.php:20]: To: suraj@awwws.com -- Headers: From: webmaster@example.com
[22-Apr-2016 11:10:52 Europe/Bucharest] mail() on [/home/rocketiv/public_html/safety/sendmail.php:20]: To: suraj@awwws.com -- Headers: From: webmaster@example.com
[22-Apr-2016 11:10:52 Europe/Bucharest] mail() on [/home/rocketiv/public_html/safety/sendmail.php:20]: To: Julius@qe.com.sg -- Headers: From: webmaster@example.com
[22-Apr-2016 11:10:52 Europe/Bucharest] mail() on [/home/rocketiv/public_html/safety/sendmail.php:20]: To: suraj@awwws.com -- Headers: From: webmaster@example.com
[22-Apr-2016 11:10:52 Europe/Bucharest] mail() on [/home/rocketiv/public_html/safety/sendmail.php:20]: To: suraj@awwws.com -- Headers: From: webmaster@example.com
[22-Apr-2016 11:10:52 Europe/Bucharest] mail() on [/home/rocketiv/public_html/safety/sendmail.php:20]: To: suraj@awwws.com -- Headers: From: webmaster@example.com
[22-Apr-2016 11:10:52 Europe/Bucharest] mail() on [/home/rocketiv/public_html/safety/sendmail.php:20]: To: suraj@awwws.com -- Headers: From: webmaster@example.com
[22-Apr-2016 11:10:52 Europe/Bucharest] mail() on [/home/rocketiv/public_html/safety/sendmail.php:20]: To: suraj@awwws.com -- Headers: From: webmaster@example.com
[22-Apr-2016 11:10:52 Europe/Bucharest] mail() on [/home/rocketiv/public_html/safety/sendmail.php:20]: To: suraj@awwws.com -- Headers: From: webmaster@example.com
[22-Apr-2016 11:10:52 Europe/Bucharest] mail() on [/home/rocketiv/public_html/safety/sendmail.php:20]: To: suraj@awwws.com -- Headers: From: webmaster@example.com
[22-Apr-2016 11:10:52 Europe/Bucharest] mail() on [/home/rocketiv/public_html/safety/sendmail.php:20]: To: suraj@awwws.com -- Headers: From: webmaster@example.com
[22-Apr-2016 11:10:52 Europe/Bucharest] mail() on [/home/rocketiv/public_html/safety/sendmail.php:20]: To: suraj@awwws.com -- Headers: From: webmaster@example.com
[22-Apr-2016 11:10:52 Europe/Bucharest] mail() on [/home/rocketiv/public_html/safety/sendmail.php:20]: To: suraj@awwws.com -- Headers: From: webmaster@example.com
[22-Apr-2016 11:10:52 Europe/Bucharest] mail() on [/home/rocketiv/public_html/safety/sendmail.php:20]: To: suraj@awwws.com -- Headers: From: webmaster@example.com
[22-Apr-2016 11:10:52 Europe/Bucharest] mail() on [/home/rocketiv/public_html/safety/sendmail.php:20]: To: suraj@awwws.com -- Headers: From: webmaster@example.com
[22-Apr-2016 11:10:52 Europe/Bucharest] mail() on [/home/rocketiv/public_html/safety/sendmail.php:20]: To: suraj@awwws.com -- Headers: From: webmaster@example.com
[22-Apr-2016 11:10:52 Europe/Bucharest] mail() on [/home/rocketiv/public_html/safety/sendmail.php:20]: To: suraj@awwws.com -- Headers: From: webmaster@example.com
[22-Apr-2016 11:10:52 Europe/Bucharest] mail() on [/home/rocketiv/public_html/safety/sendmail.php:20]: To: suraj@awwws.com -- Headers: From: webmaster@example.com
[22-Apr-2016 11:10:52 Europe/Bucharest] mail() on [/home/rocketiv/public_html/safety/sendmail.php:20]: To: suraj@awwws.com -- Headers: From: webmaster@example.com
[22-Apr-2016 11:10:52 Europe/Bucharest] mail() on [/home/rocketiv/public_html/safety/sendmail.php:20]: To: suraj@awwws.com -- Headers: From: webmaster@example.com
[22-Apr-2016 11:10:52 Europe/Bucharest] mail() on [/home/rocketiv/public_html/safety/sendmail.php:20]: To: suraj@awwws.com -- Headers: From: webmaster@example.com
[22-Apr-2016 11:10:53 Europe/Bucharest] mail() on [/home/rocketiv/public_html/safety/sendmail.php:20]: To: suraj@awwws.com -- Headers: From: webmaster@example.com
[22-Apr-2016 11:10:53 Europe/Bucharest] mail() on [/home/rocketiv/public_html/safety/sendmail.php:20]: To: suraj@awwws.com -- Headers: From: webmaster@example.com
[22-Apr-2016 11:10:53 Europe/Bucharest] mail() on [/home/rocketiv/public_html/safety/sendmail.php:20]: To: suraj@awwws.com -- Headers: From: webmaster@example.com
[22-Apr-2016 11:10:53 Europe/Bucharest] mail() on [/home/rocketiv/public_html/safety/sendmail.php:20]: To: suraj@awwws.com -- Headers: From: webmaster@example.com
[22-Apr-2016 11:10:53 Europe/Bucharest] mail() on [/home/rocketiv/public_html/safety/sendmail.php:20]: To: suraj@awwws.com -- Headers: From: webmaster@example.com
[22-Apr-2016 11:10:53 Europe/Bucharest] mail() on [/home/rocketiv/public_html/safety/sendmail.php:20]: To: suraj@awwws.com -- Headers: From: webmaster@example.com
[22-Apr-2016 11:10:53 Europe/Bucharest] mail() on [/home/rocketiv/public_html/safety/sendmail.php:20]: To: Julius@qe.com.sg -- Headers: From: webmaster@example.com
[22-Apr-2016 11:10:53 Europe/Bucharest] mail() on [/home/rocketiv/public_html/safety/sendmail.php:20]: To: suraj@awwws.com -- Headers: From: webmaster@example.com
[22-Apr-2016 11:10:53 Europe/Bucharest] mail() on [/home/rocketiv/public_html/safety/sendmail.php:20]: To: suraj@awwws.com -- Headers: From: webmaster@example.com
[22-Apr-2016 11:10:53 Europe/Bucharest] mail() on [/home/rocketiv/public_html/safety/sendmail.php:20]: To: suraj@awwws.com -- Headers: From: webmaster@example.com
[22-Apr-2016 11:10:56 Europe/Bucharest] mail() on [/home/rocketiv/public_html/safety/sendmail.php:20]: To: suraj@awwws.com -- Headers: From: webmaster@example.com
[22-Apr-2016 11:10:56 Europe/Bucharest] mail() on [/home/rocketiv/public_html/safety/sendmail.php:20]: To: suraj@awwws.com -- Headers: From: webmaster@example.com
[22-Apr-2016 11:10:56 Europe/Bucharest] mail() on [/home/rocketiv/public_html/safety/sendmail.php:20]: To: suraj@awwws.com -- Headers: From: webmaster@example.com
[22-Apr-2016 11:10:56 Europe/Bucharest] mail() on [/home/rocketiv/public_html/safety/sendmail.php:20]: To: Julius@qe.com.sg -- Headers: From: webmaster@example.com
[22-Apr-2016 11:10:56 Europe/Bucharest] mail() on [/home/rocketiv/public_html/safety/sendmail.php:20]: To: suraj@awwws.com -- Headers: From: webmaster@example.com
[22-Apr-2016 11:10:56 Europe/Bucharest] mail() on [/home/rocketiv/public_html/safety/sendmail.php:20]: To: suraj@awwws.com -- Headers: From: webmaster@example.com
[22-Apr-2016 11:10:56 Europe/Bucharest] mail() on [/home/rocketiv/public_html/safety/sendmail.php:20]: To: suraj@awwws.com -- Headers: From: webmaster@example.com
[22-Apr-2016 11:10:56 Europe/Bucharest] mail() on [/home/rocketiv/public_html/safety/sendmail.php:20]: To: suraj@awwws.com -- Headers: From: webmaster@example.com
[22-Apr-2016 11:10:56 Europe/Bucharest] mail() on [/home/rocketiv/public_html/safety/sendmail.php:20]: To: suraj@awwws.com -- Headers: From: webmaster@example.com
[22-Apr-2016 11:10:56 Europe/Bucharest] mail() on [/home/rocketiv/public_html/safety/sendmail.php:20]: To: suraj@awwws.com -- Headers: From: webmaster@example.com
[22-Apr-2016 11:10:56 Europe/Bucharest] mail() on [/home/rocketiv/public_html/safety/sendmail.php:20]: To: suraj@awwws.com -- Headers: From: webmaster@example.com
[22-Apr-2016 11:10:56 Europe/Bucharest] mail() on [/home/rocketiv/public_html/safety/sendmail.php:20]: To: suraj@awwws.com -- Headers: From: webmaster@example.com
[22-Apr-2016 11:10:56 Europe/Bucharest] mail() on [/home/rocketiv/public_html/safety/sendmail.php:20]: To: suraj@awwws.com -- Headers: From: webmaster@example.com
[22-Apr-2016 11:10:56 Europe/Bucharest] mail() on [/home/rocketiv/public_html/safety/sendmail.php:20]: To: suraj@awwws.com -- Headers: From: webmaster@example.com
[22-Apr-2016 11:10:56 Europe/Bucharest] mail() on [/home/rocketiv/public_html/safety/sendmail.php:20]: To: suraj@awwws.com -- Headers: From: webmaster@example.com
[22-Apr-2016 11:10:56 Europe/Bucharest] mail() on [/home/rocketiv/public_html/safety/sendmail.php:20]: To: suraj@awwws.com -- Headers: From: webmaster@example.com
[22-Apr-2016 11:10:56 Europe/Bucharest] mail() on [/home/rocketiv/public_html/safety/sendmail.php:20]: To: suraj@awwws.com -- Headers: From: webmaster@example.com
[22-Apr-2016 11:10:56 Europe/Bucharest] mail() on [/home/rocketiv/public_html/safety/sendmail.php:20]: To: suraj@awwws.com -- Headers: From: webmaster@example.com
[22-Apr-2016 11:10:56 Europe/Bucharest] mail() on [/home/rocketiv/public_html/safety/sendmail.php:20]: To: suraj@awwws.com -- Headers: From: webmaster@example.com
[22-Apr-2016 11:10:56 Europe/Bucharest] mail() on [/home/rocketiv/public_html/safety/sendmail.php:20]: To: suraj@awwws.com -- Headers: From: webmaster@example.com
[22-Apr-2016 11:10:56 Europe/Bucharest] mail() on [/home/rocketiv/public_html/safety/sendmail.php:20]: To: suraj@awwws.com -- Headers: From: webmaster@example.com
[22-Apr-2016 11:10:56 Europe/Bucharest] mail() on [/home/rocketiv/public_html/safety/sendmail.php:20]: To: suraj@awwws.com -- Headers: From: webmaster@example.com
[22-Apr-2016 11:10:56 Europe/Bucharest] mail() on [/home/rocketiv/public_html/safety/sendmail.php:20]: To: suraj@awwws.com -- Headers: From: webmaster@example.com
[22-Apr-2016 11:10:56 Europe/Bucharest] mail() on [/home/rocketiv/public_html/safety/sendmail.php:20]: To: suraj@awwws.com -- Headers: From: webmaster@example.com
[22-Apr-2016 11:10:56 Europe/Bucharest] mail() on [/home/rocketiv/public_html/safety/sendmail.php:20]: To: suraj@awwws.com -- Headers: From: webmaster@example.com
[22-Apr-2016 11:10:56 Europe/Bucharest] mail() on [/home/rocketiv/public_html/safety/sendmail.php:20]: To: suraj@awwws.com -- Headers: From: webmaster@example.com
[22-Apr-2016 11:10:56 Europe/Bucharest] mail() on [/home/rocketiv/public_html/safety/sendmail.php:20]: To: suraj@awwws.com -- Headers: From: webmaster@example.com
[22-Apr-2016 11:10:57 Europe/Bucharest] mail() on [/home/rocketiv/public_html/safety/sendmail.php:20]: To: suraj@awwws.com -- Headers: From: webmaster@example.com
[22-Apr-2016 11:10:57 Europe/Bucharest] mail() on [/home/rocketiv/public_html/safety/sendmail.php:20]: To: Julius@qe.com.sg -- Headers: From: webmaster@example.com
[22-Apr-2016 11:10:57 Europe/Bucharest] mail() on [/home/rocketiv/public_html/safety/sendmail.php:20]: To: suraj@awwws.com -- Headers: From: webmaster@example.com
[22-Apr-2016 11:10:57 Europe/Bucharest] mail() on [/home/rocketiv/public_html/safety/sendmail.php:20]: To: suraj@awwws.com -- Headers: From: webmaster@example.com
[22-Apr-2016 11:10:57 Europe/Bucharest] mail() on [/home/rocketiv/public_html/safety/sendmail.php:20]: To: suraj@awwws.com -- Headers: From: webmaster@example.com
[22-Apr-2016 11:22:54 Europe/Bucharest] mail() on [/home/rocketiv/public_html/safety/sendmail.php:20]: To: suraj@awwws.com -- Headers: From: webmaster@example.com
[22-Apr-2016 11:22:54 Europe/Bucharest] mail() on [/home/rocketiv/public_html/safety/sendmail.php:20]: To: suraj@awwws.com -- Headers: From: webmaster@example.com
[22-Apr-2016 11:22:54 Europe/Bucharest] mail() on [/home/rocketiv/public_html/safety/sendmail.php:20]: To: suraj@awwws.com -- Headers: From: webmaster@example.com
[22-Apr-2016 11:22:55 Europe/Bucharest] mail() on [/home/rocketiv/public_html/safety/sendmail.php:20]: To: Julius@qe.com.sg -- Headers: From: webmaster@example.com
[22-Apr-2016 11:22:55 Europe/Bucharest] mail() on [/home/rocketiv/public_html/safety/sendmail.php:20]: To: suraj@awwws.com -- Headers: From: webmaster@example.com
[22-Apr-2016 11:22:55 Europe/Bucharest] mail() on [/home/rocketiv/public_html/safety/sendmail.php:20]: To: suraj@awwws.com -- Headers: From: webmaster@example.com
[22-Apr-2016 11:22:55 Europe/Bucharest] mail() on [/home/rocketiv/public_html/safety/sendmail.php:20]: To: suraj@awwws.com -- Headers: From: webmaster@example.com
[22-Apr-2016 11:22:55 Europe/Bucharest] mail() on [/home/rocketiv/public_html/safety/sendmail.php:20]: To: suraj@awwws.com -- Headers: From: webmaster@example.com
[22-Apr-2016 11:22:55 Europe/Bucharest] mail() on [/home/rocketiv/public_html/safety/sendmail.php:20]: To: suraj@awwws.com -- Headers: From: webmaster@example.com
[22-Apr-2016 11:22:55 Europe/Bucharest] mail() on [/home/rocketiv/public_html/safety/sendmail.php:20]: To: suraj@awwws.com -- Headers: From: webmaster@example.com
[22-Apr-2016 11:22:55 Europe/Bucharest] mail() on [/home/rocketiv/public_html/safety/sendmail.php:20]: To: suraj@awwws.com -- Headers: From: webmaster@example.com
[22-Apr-2016 11:22:55 Europe/Bucharest] mail() on [/home/rocketiv/public_html/safety/sendmail.php:20]: To: suraj@awwws.com -- Headers: From: webmaster@example.com
[22-Apr-2016 11:22:55 Europe/Bucharest] mail() on [/home/rocketiv/public_html/safety/sendmail.php:20]: To: suraj@awwws.com -- Headers: From: webmaster@example.com
[22-Apr-2016 11:22:55 Europe/Bucharest] mail() on [/home/rocketiv/public_html/safety/sendmail.php:20]: To: suraj@awwws.com -- Headers: From: webmaster@example.com
[22-Apr-2016 11:22:55 Europe/Bucharest] mail() on [/home/rocketiv/public_html/safety/sendmail.php:20]: To: suraj@awwws.com -- Headers: From: webmaster@example.com
[22-Apr-2016 11:22:55 Europe/Bucharest] mail() on [/home/rocketiv/public_html/safety/sendmail.php:20]: To: suraj@awwws.com -- Headers: From: webmaster@example.com
[22-Apr-2016 11:22:55 Europe/Bucharest] mail() on [/home/rocketiv/public_html/safety/sendmail.php:20]: To: suraj@awwws.com -- Headers: From: webmaster@example.com
[22-Apr-2016 11:22:55 Europe/Bucharest] mail() on [/home/rocketiv/public_html/safety/sendmail.php:20]: To: suraj@awwws.com -- Headers: From: webmaster@example.com
[22-Apr-2016 11:22:55 Europe/Bucharest] mail() on [/home/rocketiv/public_html/safety/sendmail.php:20]: To: suraj@awwws.com -- Headers: From: webmaster@example.com
[22-Apr-2016 11:22:55 Europe/Bucharest] mail() on [/home/rocketiv/public_html/safety/sendmail.php:20]: To: suraj@awwws.com -- Headers: From: webmaster@example.com
[22-Apr-2016 11:22:55 Europe/Bucharest] mail() on [/home/rocketiv/public_html/safety/sendmail.php:20]: To: suraj@awwws.com -- Headers: From: webmaster@example.com
[22-Apr-2016 11:22:55 Europe/Bucharest] mail() on [/home/rocketiv/public_html/safety/sendmail.php:20]: To: suraj@awwws.com -- Headers: From: webmaster@example.com
[22-Apr-2016 11:22:55 Europe/Bucharest] mail() on [/home/rocketiv/public_html/safety/sendmail.php:20]: To: suraj@awwws.com -- Headers: From: webmaster@example.com
[22-Apr-2016 11:22:55 Europe/Bucharest] mail() on [/home/rocketiv/public_html/safety/sendmail.php:20]: To: suraj@awwws.com -- Headers: From: webmaster@example.com
[22-Apr-2016 11:22:55 Europe/Bucharest] mail() on [/home/rocketiv/public_html/safety/sendmail.php:20]: To: suraj@awwws.com -- Headers: From: webmaster@example.com
[22-Apr-2016 11:22:55 Europe/Bucharest] mail() on [/home/rocketiv/public_html/safety/sendmail.php:20]: To: suraj@awwws.com -- Headers: From: webmaster@example.com
[22-Apr-2016 11:22:55 Europe/Bucharest] mail() on [/home/rocketiv/public_html/safety/sendmail.php:20]: To: suraj@awwws.com -- Headers: From: webmaster@example.com
[22-Apr-2016 11:22:55 Europe/Bucharest] mail() on [/home/rocketiv/public_html/safety/sendmail.php:20]: To: suraj@awwws.com -- Headers: From: webmaster@example.com
[22-Apr-2016 11:22:55 Europe/Bucharest] mail() on [/home/rocketiv/public_html/safety/sendmail.php:20]: To: Julius@qe.com.sg -- Headers: From: webmaster@example.com
[22-Apr-2016 11:22:55 Europe/Bucharest] mail() on [/home/rocketiv/public_html/safety/sendmail.php:20]: To: suraj@awwws.com -- Headers: From: webmaster@example.com
[22-Apr-2016 11:22:55 Europe/Bucharest] mail() on [/home/rocketiv/public_html/safety/sendmail.php:20]: To: suraj@awwws.com -- Headers: From: webmaster@example.com
[22-Apr-2016 11:22:55 Europe/Bucharest] mail() on [/home/rocketiv/public_html/safety/sendmail.php:20]: To: suraj@awwws.com -- Headers: From: webmaster@example.com
[27-Apr-2016 10:28:29 Europe/Bucharest] mail() on [/home/rocketiv/public_html/qesafety/safety/riskapproval.php:169]: To: Julius@qe.com.sg -- Headers: From: webmaster@mrphpguru.com  Reply-To: webmaster@mrphpguru.com  Content-Type: multipart/alternative; boundary="PHP-alt-1d5e028b3b6630c48746e97ab88bea34"
[27-Apr-2016 10:51:27 Europe/Bucharest] mail() on [/home/rocketiv/public_html/qesafety/safety/riskapproval.php:169]: To: Julius@qe.com.sg -- Headers: From: webmaster@mrphpguru.com  Reply-To: webmaster@mrphpguru.com  Content-Type: multipart/alternative; boundary="PHP-alt-25c2f53596f84c2d5186d84235553216"
[27-Apr-2016 10:52:23 Europe/Bucharest] mail() on [/home/rocketiv/public_html/qesafety/safety/riskapproval.php:169]: To: Julius@qe.com.sg -- Headers: From: webmaster@mrphpguru.com  Reply-To: webmaster@mrphpguru.com  Content-Type: multipart/alternative; boundary="PHP-alt-a2090c8998bc13bea0c5b1e0e16dd9ea"
[04-May-2016 07:08:01 Europe/Bucharest] mail() on [/home/rocketiv/public_html/qesafety/safety/riskapproval.php:169]: To: Julius@qe.com.sg -- Headers: From: webmaster@mrphpguru.com  Reply-To: webmaster@mrphpguru.com  Content-Type: multipart/alternative; boundary="PHP-alt-e44815ad4417deb825f0da1911d4303e"
